2025-09-24 18:57:51,823 - INFO - 5908
2025-09-24 18:57:51,824 - INFO - dataset_name:WD20K100v2
2025-09-24 18:57:51,824 - INFO - data_dir:../data/
2025-09-24 18:57:51,824 - INFO - exp:ICML2025_reproduce
2025-09-24 18:57:51,825 - INFO - setting:Inductive
2025-09-24 18:57:51,825 - INFO - log_name:WDv2_200
2025-09-24 18:57:51,825 - INFO - lr:0.0002
2025-09-24 18:57:51,825 - INFO - dim:256
2025-09-24 18:57:51,826 - INFO - start_epoch:0
2025-09-24 18:57:51,826 - INFO - num_epoch:200
2025-09-24 18:57:51,826 - INFO - val_dur:200
2025-09-24 18:57:51,826 - INFO - val_size:100
2025-09-24 18:57:51,827 - INFO - num_init_layer:3
2025-09-24 18:57:51,827 - INFO - num_layer:5
2025-09-24 18:57:51,827 - INFO - num_head:8
2025-09-24 18:57:51,827 - INFO - early_stop:0
2025-09-24 18:57:51,827 - INFO - batch_num:30
2025-09-24 18:57:51,828 - INFO - train_graph_ratio:0.4
2025-09-24 18:57:51,828 - INFO - model_dropout:0.05
2025-09-24 18:57:51,828 - INFO - smoothing:0.0
2025-09-24 18:57:51,828 - INFO - no_write:False
2025-09-24 18:57:51,828 - INFO - msg_add_tr:True
2025-09-24 18:57:51,828 - INFO - Args Listed!
2025-09-24 18:57:51,828 - INFO - Loading Dataset...
2025-09-24 18:57:51,857 - INFO - Dataset Loaded Successfully!
2025-09-24 18:57:51,857 - INFO - Generating Dictionaries for Filtering...
2025-09-24 18:57:51,988 - INFO - Successfully Generated Filtering Dictionary!
2025-09-24 18:57:51,988 - INFO - Model Input Construction...
2025-09-24 18:57:52,770 - INFO - Successfully Saved Model Inputs!
2025-09-24 18:57:52,770 - INFO - Evaluation Query Generation...
2025-09-24 18:57:52,823 - INFO - Evaluation Query Generated Successfully!
2025-09-24 18:57:52,823 - INFO - Loading Dataset...
2025-09-24 18:57:52,840 - INFO - Dataset Loaded Successfully!
2025-09-24 18:57:52,840 - INFO - Generating Dictionaries for Filtering...
2025-09-24 18:57:52,879 - INFO - Successfully Generated Filtering Dictionary!
2025-09-24 18:57:52,879 - INFO - Model Input Construction...
2025-09-24 18:57:53,317 - INFO - Successfully Saved Model Inputs!
2025-09-24 18:57:53,317 - INFO - Evaluation Query Generation...
2025-09-24 18:57:53,371 - INFO - Evaluation Query Generated Successfully!
2025-09-24 18:57:59,395 - INFO - Epoch 1 GPU:1141487104 Loss:18.704758
2025-09-24 18:58:04,190 - INFO - Epoch 2 GPU:1141487104 Loss:7.786841
2025-09-24 18:58:08,962 - INFO - Epoch 3 GPU:1168108544 Loss:7.574085
2025-09-24 18:58:13,716 - INFO - Epoch 4 GPU:1168108544 Loss:7.041196
2025-09-24 18:58:18,495 - INFO - Epoch 5 GPU:1168108544 Loss:6.879160
2025-09-24 18:58:23,181 - INFO - Epoch 6 GPU:1168108544 Loss:6.681039
2025-09-24 18:58:27,782 - INFO - Epoch 7 GPU:1168108544 Loss:6.328207
2025-09-24 18:58:32,513 - INFO - Epoch 8 GPU:1168108544 Loss:6.367736
2025-09-24 18:58:37,149 - INFO - Epoch 9 GPU:1168108544 Loss:6.278294
2025-09-24 18:58:42,463 - INFO - Epoch 10 GPU:1169974784 Loss:6.201998
2025-09-24 18:58:47,667 - INFO - Epoch 11 GPU:1169974784 Loss:6.176341
2025-09-24 18:58:52,915 - INFO - Epoch 12 GPU:1169974784 Loss:6.221597
2025-09-24 18:58:57,631 - INFO - Epoch 13 GPU:1169974784 Loss:6.271595
2025-09-24 18:59:02,280 - INFO - Epoch 14 GPU:1169974784 Loss:5.994653
2025-09-24 18:59:07,067 - INFO - Epoch 15 GPU:1169974784 Loss:5.962921
2025-09-24 18:59:11,608 - INFO - Epoch 16 GPU:1169974784 Loss:5.878534
2025-09-24 18:59:16,130 - INFO - Epoch 17 GPU:1169974784 Loss:5.882323
2025-09-24 18:59:20,671 - INFO - Epoch 18 GPU:1169974784 Loss:5.710871
2025-09-24 18:59:25,248 - INFO - Epoch 19 GPU:1169974784 Loss:5.686952
2025-09-24 18:59:29,830 - INFO - Epoch 20 GPU:1185720832 Loss:5.698651
2025-09-24 18:59:34,414 - INFO - Epoch 21 GPU:1185720832 Loss:5.700924
2025-09-24 18:59:38,996 - INFO - Epoch 22 GPU:1185720832 Loss:5.481217
2025-09-24 18:59:43,597 - INFO - Epoch 23 GPU:1185720832 Loss:5.490477
2025-09-24 18:59:48,263 - INFO - Epoch 24 GPU:1185720832 Loss:5.357858
2025-09-24 18:59:52,830 - INFO - Epoch 25 GPU:1185720832 Loss:5.157837
2025-09-24 18:59:57,518 - INFO - Epoch 26 GPU:1185720832 Loss:5.419483
2025-09-24 19:00:02,113 - INFO - Epoch 27 GPU:1185720832 Loss:5.291766
2025-09-24 19:00:11,868 - INFO - Epoch 28 GPU:1185720832 Loss:5.250436
2025-09-24 19:00:21,584 - INFO - Epoch 29 GPU:1185720832 Loss:5.143584
2025-09-24 19:00:31,384 - INFO - Epoch 30 GPU:1185720832 Loss:5.133540
2025-09-24 19:00:41,122 - INFO - Epoch 31 GPU:1185720832 Loss:5.076624
2025-09-24 19:00:50,817 - INFO - Epoch 32 GPU:1185720832 Loss:4.888486
2025-09-24 19:01:00,768 - INFO - Epoch 33 GPU:1185720832 Loss:4.984803
2025-09-24 19:01:10,434 - INFO - Epoch 34 GPU:1185720832 Loss:4.868310
2025-09-24 19:01:20,100 - INFO - Epoch 35 GPU:1185720832 Loss:4.686730
2025-09-24 19:01:28,094 - INFO - Epoch 36 GPU:1185720832 Loss:4.819057
2025-09-24 19:01:32,780 - INFO - Epoch 37 GPU:1185720832 Loss:4.631714
2025-09-24 19:01:37,378 - INFO - Epoch 38 GPU:1185720832 Loss:4.615112
2025-09-24 19:01:41,976 - INFO - Epoch 39 GPU:1185720832 Loss:4.524757
2025-09-24 19:01:46,511 - INFO - Epoch 40 GPU:1185720832 Loss:4.477408
2025-09-24 19:01:51,160 - INFO - Epoch 41 GPU:1185720832 Loss:4.583846
2025-09-24 19:01:55,743 - INFO - Epoch 42 GPU:1185720832 Loss:4.519957
2025-09-24 19:02:00,319 - INFO - Epoch 43 GPU:1185720832 Loss:4.412399
2025-09-24 19:02:05,030 - INFO - Epoch 44 GPU:1185720832 Loss:4.422969
2025-09-24 19:02:09,710 - INFO - Epoch 45 GPU:1185720832 Loss:4.343742
2025-09-24 19:02:14,679 - INFO - Epoch 46 GPU:1185720832 Loss:4.253869
2025-09-24 19:02:19,709 - INFO - Epoch 47 GPU:1185720832 Loss:4.286857
2025-09-24 19:02:24,583 - INFO - Epoch 48 GPU:1185720832 Loss:4.260644
2025-09-24 19:02:29,445 - INFO - Epoch 49 GPU:1185720832 Loss:4.183273
2025-09-24 19:02:34,160 - INFO - Epoch 50 GPU:1185720832 Loss:4.170475
2025-09-24 19:02:38,843 - INFO - Epoch 51 GPU:1185720832 Loss:4.199644
2025-09-24 19:02:43,509 - INFO - Epoch 52 GPU:1185720832 Loss:4.182398
2025-09-24 19:02:48,126 - INFO - Epoch 53 GPU:1185720832 Loss:3.901432
2025-09-24 19:02:52,775 - INFO - Epoch 54 GPU:1185720832 Loss:3.938880
2025-09-24 19:02:57,542 - INFO - Epoch 55 GPU:1185720832 Loss:3.923359
2025-09-24 19:03:02,225 - INFO - Epoch 56 GPU:1185720832 Loss:4.038289
2025-09-24 19:03:06,841 - INFO - Epoch 57 GPU:1185720832 Loss:3.972009
2025-09-24 19:03:11,497 - INFO - Epoch 58 GPU:1185720832 Loss:3.916424
2025-09-24 19:03:16,099 - INFO - Epoch 59 GPU:1185720832 Loss:3.969724
2025-09-24 19:03:20,775 - INFO - Epoch 60 GPU:1185720832 Loss:3.653515
2025-09-24 19:03:25,391 - INFO - Epoch 61 GPU:1185720832 Loss:3.738838
2025-09-24 19:03:30,041 - INFO - Epoch 62 GPU:1185720832 Loss:3.823970
2025-09-24 19:03:34,641 - INFO - Epoch 63 GPU:1185720832 Loss:3.803637
2025-09-24 19:03:39,191 - INFO - Epoch 64 GPU:1185720832 Loss:3.749522
2025-09-24 19:03:43,774 - INFO - Epoch 65 GPU:1185720832 Loss:3.676430
2025-09-24 19:03:48,422 - INFO - Epoch 66 GPU:1185720832 Loss:3.641170
2025-09-24 19:03:53,091 - INFO - Epoch 67 GPU:1185720832 Loss:3.581096
2025-09-24 19:03:57,840 - INFO - Epoch 68 GPU:1185720832 Loss:3.496978
2025-09-24 19:04:02,507 - INFO - Epoch 69 GPU:1185720832 Loss:3.621839
2025-09-24 19:04:07,124 - INFO - Epoch 70 GPU:1185720832 Loss:3.576789
2025-09-24 19:04:12,073 - INFO - Epoch 71 GPU:1185720832 Loss:3.531645
2025-09-24 19:04:17,440 - INFO - Epoch 72 GPU:1185720832 Loss:3.460817
2025-09-24 19:04:22,956 - INFO - Epoch 73 GPU:1185720832 Loss:3.373628
2025-09-24 19:04:29,933 - INFO - Epoch 74 GPU:1185720832 Loss:3.379707
2025-09-24 19:04:34,582 - INFO - Epoch 75 GPU:1185720832 Loss:3.437571
2025-09-24 19:04:39,200 - INFO - Epoch 76 GPU:1185720832 Loss:3.384538
2025-09-24 19:04:43,833 - INFO - Epoch 77 GPU:1185720832 Loss:3.218937
2025-09-24 19:04:48,567 - INFO - Epoch 78 GPU:1185720832 Loss:3.303317
2025-09-24 19:04:53,183 - INFO - Epoch 79 GPU:1185720832 Loss:3.133979
2025-09-24 19:04:57,833 - INFO - Epoch 80 GPU:1185720832 Loss:3.120067
2025-09-24 19:05:02,433 - INFO - Epoch 81 GPU:1185720832 Loss:3.283207
2025-09-24 19:05:07,032 - INFO - Epoch 82 GPU:1185720832 Loss:3.146344
2025-09-24 19:05:11,715 - INFO - Epoch 83 GPU:1185720832 Loss:3.246925
2025-09-24 19:05:16,353 - INFO - Epoch 84 GPU:1185720832 Loss:3.063358
2025-09-24 19:05:20,982 - INFO - Epoch 85 GPU:1185720832 Loss:3.207896
2025-09-24 19:05:25,649 - INFO - Epoch 86 GPU:1185720832 Loss:3.061764
2025-09-24 19:05:30,248 - INFO - Epoch 87 GPU:1185720832 Loss:2.974455
2025-09-24 19:05:34,896 - INFO - Epoch 88 GPU:1185720832 Loss:2.927094
2025-09-24 19:05:39,614 - INFO - Epoch 89 GPU:1185720832 Loss:2.987647
2025-09-24 19:05:44,215 - INFO - Epoch 90 GPU:1185720832 Loss:2.587449
2025-09-24 19:05:48,846 - INFO - Epoch 91 GPU:1185720832 Loss:2.762348
2025-09-24 19:05:53,447 - INFO - Epoch 92 GPU:1189232640 Loss:2.858652
2025-09-24 19:05:58,113 - INFO - Epoch 93 GPU:1189232640 Loss:2.743739
2025-09-24 19:06:02,714 - INFO - Epoch 94 GPU:1189232640 Loss:2.772440
2025-09-24 19:06:07,380 - INFO - Epoch 95 GPU:1189232640 Loss:2.678096
2025-09-24 19:06:11,981 - INFO - Epoch 96 GPU:1189232640 Loss:2.678312
2025-09-24 19:06:16,629 - INFO - Epoch 97 GPU:1189232640 Loss:2.809807
2025-09-24 19:06:21,429 - INFO - Epoch 98 GPU:1189232640 Loss:2.744344
2025-09-24 19:06:26,116 - INFO - Epoch 99 GPU:1189232640 Loss:2.711663
2025-09-24 19:06:30,748 - INFO - Epoch 100 GPU:1189232640 Loss:2.539878
2025-09-24 19:06:35,447 - INFO - Epoch 101 GPU:1189232640 Loss:2.673665
2025-09-24 19:06:40,052 - INFO - Epoch 102 GPU:1189232640 Loss:2.570182
2025-09-24 19:06:44,691 - INFO - Epoch 103 GPU:1189232640 Loss:2.594210
2025-09-24 19:06:49,380 - INFO - Epoch 104 GPU:1189232640 Loss:2.639854
2025-09-24 19:06:54,179 - INFO - Epoch 105 GPU:1189232640 Loss:2.440076
2025-09-24 19:06:58,899 - INFO - Epoch 106 GPU:1189232640 Loss:2.681225
2025-09-24 19:07:03,629 - INFO - Epoch 107 GPU:1189232640 Loss:2.520663
2025-09-24 19:07:08,295 - INFO - Epoch 108 GPU:1189232640 Loss:2.550441
2025-09-24 19:07:12,913 - INFO - Epoch 109 GPU:1189232640 Loss:2.512454
2025-09-24 19:07:17,535 - INFO - Epoch 110 GPU:1189232640 Loss:2.618002
2025-09-24 19:07:22,228 - INFO - Epoch 111 GPU:1189232640 Loss:2.523545
2025-09-24 19:07:26,900 - INFO - Epoch 112 GPU:1189232640 Loss:2.499513
2025-09-24 19:07:31,596 - INFO - Epoch 113 GPU:1189232640 Loss:2.512150
2025-09-24 19:07:36,311 - INFO - Epoch 114 GPU:1189232640 Loss:2.643867
2025-09-24 19:07:40,962 - INFO - Epoch 115 GPU:1189232640 Loss:2.448247
2025-09-24 19:07:45,644 - INFO - Epoch 116 GPU:1189232640 Loss:2.503283
2025-09-24 19:07:50,299 - INFO - Epoch 117 GPU:1189232640 Loss:2.530591
2025-09-24 19:07:54,887 - INFO - Epoch 118 GPU:1189232640 Loss:2.487251
2025-09-24 19:07:59,629 - INFO - Epoch 119 GPU:1189232640 Loss:2.308348
2025-09-24 19:08:04,345 - INFO - Epoch 120 GPU:1189232640 Loss:2.435994
2025-09-24 19:08:09,111 - INFO - Epoch 121 GPU:1189232640 Loss:2.470222
2025-09-24 19:08:13,862 - INFO - Epoch 122 GPU:1189232640 Loss:2.425701
2025-09-24 19:08:18,644 - INFO - Epoch 123 GPU:1189232640 Loss:2.441310
2025-09-24 19:08:23,399 - INFO - Epoch 124 GPU:1189232640 Loss:2.333866
2025-09-24 19:08:28,227 - INFO - Epoch 125 GPU:1189232640 Loss:2.648181
2025-09-24 19:08:33,094 - INFO - Epoch 126 GPU:1189232640 Loss:2.441206
2025-09-24 19:08:37,694 - INFO - Epoch 127 GPU:1189232640 Loss:2.463440
2025-09-24 19:08:42,361 - INFO - Epoch 128 GPU:1189232640 Loss:2.187544
2025-09-24 19:08:47,026 - INFO - Epoch 129 GPU:1189232640 Loss:2.328423
2025-09-24 19:08:51,693 - INFO - Epoch 130 GPU:1189232640 Loss:2.391157
2025-09-24 19:08:56,393 - INFO - Epoch 131 GPU:1189232640 Loss:2.393352
2025-09-24 19:09:01,094 - INFO - Epoch 132 GPU:1189232640 Loss:2.323334
2025-09-24 19:09:05,762 - INFO - Epoch 133 GPU:1189232640 Loss:2.318206
2025-09-24 19:09:10,493 - INFO - Epoch 134 GPU:1189232640 Loss:2.478840
2025-09-24 19:09:15,142 - INFO - Epoch 135 GPU:1189232640 Loss:2.353403
2025-09-24 19:09:19,742 - INFO - Epoch 136 GPU:1189232640 Loss:2.238505
2025-09-24 19:09:24,476 - INFO - Epoch 137 GPU:1189232640 Loss:2.334281
2025-09-24 19:09:29,126 - INFO - Epoch 138 GPU:1189232640 Loss:2.252690
2025-09-24 19:09:33,782 - INFO - Epoch 139 GPU:1189232640 Loss:2.245503
2025-09-24 19:09:38,493 - INFO - Epoch 140 GPU:1189232640 Loss:2.231824
2025-09-24 19:09:43,208 - INFO - Epoch 141 GPU:1189232640 Loss:2.137896
2025-09-24 19:09:47,899 - INFO - Epoch 142 GPU:1189232640 Loss:2.248882
2025-09-24 19:09:52,558 - INFO - Epoch 143 GPU:1189232640 Loss:2.327490
2025-09-24 19:09:57,221 - INFO - Epoch 144 GPU:1189232640 Loss:2.328383
2025-09-24 19:10:01,892 - INFO - Epoch 145 GPU:1189232640 Loss:2.250619
2025-09-24 19:10:06,493 - INFO - Epoch 146 GPU:1189232640 Loss:2.257864
2025-09-24 19:10:11,091 - INFO - Epoch 147 GPU:1189232640 Loss:2.362322
2025-09-24 19:10:15,709 - INFO - Epoch 148 GPU:1189232640 Loss:2.327162
2025-09-24 19:10:20,357 - INFO - Epoch 149 GPU:1189232640 Loss:2.367198
2025-09-24 19:10:24,942 - INFO - Epoch 150 GPU:1189232640 Loss:2.290487
2025-09-24 19:10:29,974 - INFO - Epoch 151 GPU:1189232640 Loss:2.186353
2025-09-24 19:10:35,209 - INFO - Epoch 152 GPU:1189232640 Loss:2.273075
2025-09-24 19:10:39,875 - INFO - Epoch 153 GPU:1189232640 Loss:2.176897
2025-09-24 19:10:44,440 - INFO - Epoch 154 GPU:1189232640 Loss:2.083268
2025-09-24 19:10:49,075 - INFO - Epoch 155 GPU:1189232640 Loss:2.322275
2025-09-24 19:10:53,690 - INFO - Epoch 156 GPU:1189232640 Loss:2.292717
2025-09-24 19:10:58,292 - INFO - Epoch 157 GPU:1189232640 Loss:2.009376
2025-09-24 19:11:02,924 - INFO - Epoch 158 GPU:1189232640 Loss:2.076197
2025-09-24 19:11:07,491 - INFO - Epoch 159 GPU:1189232640 Loss:2.030806
2025-09-24 19:11:12,091 - INFO - Epoch 160 GPU:1189232640 Loss:2.292947
2025-09-24 19:11:16,740 - INFO - Epoch 161 GPU:1189232640 Loss:2.139422
2025-09-24 19:11:21,324 - INFO - Epoch 162 GPU:1189232640 Loss:2.183710
2025-09-24 19:11:25,989 - INFO - Epoch 163 GPU:1189232640 Loss:2.178982
2025-09-24 19:11:30,508 - INFO - Epoch 164 GPU:1189232640 Loss:2.361625
2025-09-24 19:11:35,149 - INFO - Epoch 165 GPU:1189232640 Loss:2.136826
2025-09-24 19:11:39,807 - INFO - Epoch 166 GPU:1189232640 Loss:2.164306
2025-09-24 19:11:44,441 - INFO - Epoch 167 GPU:1189232640 Loss:2.225335
2025-09-24 19:11:49,093 - INFO - Epoch 168 GPU:1189232640 Loss:2.235070
2025-09-24 19:11:53,823 - INFO - Epoch 169 GPU:1189232640 Loss:2.238334
2025-09-24 19:11:58,523 - INFO - Epoch 170 GPU:1189232640 Loss:2.194746
2025-09-24 19:12:03,106 - INFO - Epoch 171 GPU:1189232640 Loss:2.106810
2025-09-24 19:12:07,780 - INFO - Epoch 172 GPU:1189232640 Loss:2.142810
2025-09-24 19:12:12,413 - INFO - Epoch 173 GPU:1189232640 Loss:2.100456
2025-09-24 19:12:16,988 - INFO - Epoch 174 GPU:1189232640 Loss:2.057161
2025-09-24 19:12:21,607 - INFO - Epoch 175 GPU:1189232640 Loss:1.956548
2025-09-24 19:12:26,256 - INFO - Epoch 176 GPU:1189232640 Loss:1.956685
2025-09-24 19:12:30,854 - INFO - Epoch 177 GPU:1189232640 Loss:2.211727
2025-09-24 19:12:35,572 - INFO - Epoch 178 GPU:1189232640 Loss:2.063352
2025-09-24 19:12:40,239 - INFO - Epoch 179 GPU:1189232640 Loss:2.117115
2025-09-24 19:12:44,972 - INFO - Epoch 180 GPU:1189232640 Loss:2.175348
2025-09-24 19:12:49,776 - INFO - Epoch 181 GPU:1189232640 Loss:1.996296
2025-09-24 19:12:54,492 - INFO - Epoch 182 GPU:1189232640 Loss:2.184412
2025-09-24 19:12:59,187 - INFO - Epoch 183 GPU:1189232640 Loss:2.055264
2025-09-24 19:13:03,921 - INFO - Epoch 184 GPU:1189232640 Loss:2.098142
2025-09-24 19:13:08,571 - INFO - Epoch 185 GPU:1189232640 Loss:1.966298
2025-09-24 19:13:13,220 - INFO - Epoch 186 GPU:1189232640 Loss:2.058421
2025-09-24 19:13:17,803 - INFO - Epoch 187 GPU:1189232640 Loss:2.194967
2025-09-24 19:13:22,386 - INFO - Epoch 188 GPU:1189232640 Loss:2.013622
2025-09-24 19:13:27,053 - INFO - Epoch 189 GPU:1189232640 Loss:1.956759
2025-09-24 19:13:31,753 - INFO - Epoch 190 GPU:1189232640 Loss:2.089846
2025-09-24 19:13:36,407 - INFO - Epoch 191 GPU:1189232640 Loss:1.955889
2025-09-24 19:13:41,054 - INFO - Epoch 192 GPU:1189232640 Loss:2.131027
2025-09-24 19:13:45,637 - INFO - Epoch 193 GPU:1189232640 Loss:2.006504
2025-09-24 19:13:50,303 - INFO - Epoch 194 GPU:1189232640 Loss:2.033915
2025-09-24 19:13:54,894 - INFO - Epoch 195 GPU:1189232640 Loss:2.114321
2025-09-24 19:13:59,637 - INFO - Epoch 196 GPU:1189232640 Loss:1.878349
2025-09-24 19:14:04,257 - INFO - Epoch 197 GPU:1189232640 Loss:2.013868
2025-09-24 19:14:08,885 - INFO - Epoch 198 GPU:1189232640 Loss:1.904359
2025-09-24 19:14:13,687 - INFO - Epoch 199 GPU:1189232640 Loss:1.996876
2025-09-24 19:14:18,436 - INFO - Epoch 200 GPU:1189232640 Loss:1.901981
2025-09-24 19:14:20,118 - INFO - Link Prediction (Head, 539)
MR:230.41558441558442
MRR:0.22549631722705593
Hit1:0.11688311688311688
Hit3:0.2541743970315399
Hit10:0.4749536178107607
2025-09-24 19:14:20,118 - INFO - Link Prediction (Tail, 539)
MR:162.98886827458256
MRR:0.2048108760465903
Hit1:0.10204081632653061
Hit3:0.23933209647495363
Hit10:0.38404452690166974
2025-09-24 19:14:20,118 - INFO - Link Prediction (Qual, 685)
MR:73.44379562043795
MRR:0.3809081487883203
Hit1:0.3007299270072993
Hit3:0.4
Hit10:0.5532846715328467
2025-09-24 19:14:20,118 - INFO - Link Prediction (Pri, 1078)
MR:196.7022263450835
MRR:0.2151535966368231
Hit1:0.10946196660482375
Hit3:0.24675324675324675
Hit10:0.4294990723562152
2025-09-24 19:14:20,118 - INFO - Link Prediction (All, 1763)
MR:148.81111741349972
MRR:0.27955624452325284
Hit1:0.18377765173000568
Hit3:0.30629608621667614
Hit10:0.4775950085082246
2025-09-24 19:14:20,321 - INFO - END
