2025-09-24 18:32:47,936 - INFO - 2172
2025-09-24 18:32:47,936 - INFO - dataset_name:WD20K100v2
2025-09-24 18:32:47,936 - INFO - data_dir:../data/
2025-09-24 18:32:47,936 - INFO - exp:ICML2025_reproduce
2025-09-24 18:32:47,936 - INFO - setting:Inductive
2025-09-24 18:32:47,937 - INFO - log_name:WDv2
2025-09-24 18:32:47,937 - INFO - lr:0.0002
2025-09-24 18:32:47,937 - INFO - dim:256
2025-09-24 18:32:47,937 - INFO - start_epoch:0
2025-09-24 18:32:47,938 - INFO - num_epoch:200
2025-09-24 18:32:47,938 - INFO - val_dur:200
2025-09-24 18:32:47,938 - INFO - val_size:100
2025-09-24 18:32:47,938 - INFO - num_init_layer:3
2025-09-24 18:32:47,939 - INFO - num_layer:5
2025-09-24 18:32:47,939 - INFO - num_head:8
2025-09-24 18:32:47,939 - INFO - early_stop:0
2025-09-24 18:32:47,939 - INFO - batch_num:30
2025-09-24 18:32:47,939 - INFO - train_graph_ratio:0.4
2025-09-24 18:32:47,939 - INFO - model_dropout:0.05
2025-09-24 18:32:47,939 - INFO - smoothing:0.0
2025-09-24 18:32:47,940 - INFO - no_write:False
2025-09-24 18:32:47,940 - INFO - msg_add_tr:True
2025-09-24 18:32:47,940 - INFO - Args Listed!
2025-09-24 18:32:47,940 - INFO - Loading Dataset...
2025-09-24 18:32:47,961 - INFO - Dataset Loaded Successfully!
2025-09-24 18:32:47,961 - INFO - Generating Dictionaries for Filtering...
2025-09-24 18:32:48,097 - INFO - Successfully Generated Filtering Dictionary!
2025-09-24 18:32:48,097 - INFO - Model Input Construction...
2025-09-24 18:32:48,842 - INFO - Successfully Saved Model Inputs!
2025-09-24 18:32:48,842 - INFO - Evaluation Query Generation...
2025-09-24 18:32:48,901 - INFO - Evaluation Query Generated Successfully!
2025-09-24 18:32:48,901 - INFO - Loading Dataset...
2025-09-24 18:32:48,918 - INFO - Dataset Loaded Successfully!
2025-09-24 18:32:48,918 - INFO - Generating Dictionaries for Filtering...
2025-09-24 18:32:48,958 - INFO - Successfully Generated Filtering Dictionary!
2025-09-24 18:32:48,958 - INFO - Model Input Construction...
2025-09-24 18:32:49,360 - INFO - Successfully Saved Model Inputs!
2025-09-24 18:32:49,360 - INFO - Evaluation Query Generation...
2025-09-24 18:32:49,416 - INFO - Evaluation Query Generated Successfully!
2025-09-24 18:32:55,150 - INFO - Epoch 1 GPU:1161090048 Loss:20.302350
2025-09-24 18:32:59,898 - INFO - Epoch 2 GPU:1161090048 Loss:8.111670
2025-09-24 18:33:04,600 - INFO - Epoch 3 GPU:1184481280 Loss:7.402821
2025-09-24 18:33:09,238 - INFO - Epoch 4 GPU:1184481280 Loss:7.187898
2025-09-24 18:33:13,881 - INFO - Epoch 5 GPU:1184481280 Loss:7.494731
2025-09-24 18:33:18,778 - INFO - Epoch 6 GPU:1184481280 Loss:6.778297
2025-09-24 18:33:23,648 - INFO - Epoch 7 GPU:1184481280 Loss:6.648372
2025-09-24 18:33:28,631 - INFO - Epoch 8 GPU:1184481280 Loss:6.475647
2025-09-24 18:33:33,722 - INFO - Epoch 9 GPU:1184481280 Loss:6.329223
2025-09-24 18:33:38,690 - INFO - Epoch 10 GPU:1184481280 Loss:6.251274
2025-09-24 18:33:43,597 - INFO - Epoch 11 GPU:1184481280 Loss:6.176499
2025-09-24 18:33:48,600 - INFO - Epoch 12 GPU:1184481280 Loss:6.127661
2025-09-24 18:33:53,562 - INFO - Epoch 13 GPU:1184481280 Loss:6.128235
2025-09-24 18:33:58,523 - INFO - Epoch 14 GPU:1184481280 Loss:5.999179
2025-09-24 18:34:03,500 - INFO - Epoch 15 GPU:1184481280 Loss:6.062943
2025-09-24 18:34:08,515 - INFO - Epoch 16 GPU:1184481280 Loss:5.872871
2025-09-24 18:34:13,451 - INFO - Epoch 17 GPU:1184481280 Loss:6.000794
2025-09-24 18:34:18,432 - INFO - Epoch 18 GPU:1184481280 Loss:5.829247
2025-09-24 18:34:23,437 - INFO - Epoch 19 GPU:1184481280 Loss:5.809818
2025-09-24 18:34:28,369 - INFO - Epoch 20 GPU:1184481280 Loss:5.597464
2025-09-24 18:34:33,292 - INFO - Epoch 21 GPU:1184481280 Loss:5.505348
2025-09-24 18:34:38,333 - INFO - Epoch 22 GPU:1184481280 Loss:5.538764
2025-09-24 18:34:43,298 - INFO - Epoch 23 GPU:1184481280 Loss:5.570759
2025-09-24 18:34:48,163 - INFO - Epoch 24 GPU:1184481280 Loss:5.475802
2025-09-24 18:34:52,996 - INFO - Epoch 25 GPU:1184481280 Loss:5.331209
2025-09-24 18:34:57,813 - INFO - Epoch 26 GPU:1184481280 Loss:5.462758
2025-09-24 18:35:02,648 - INFO - Epoch 27 GPU:1184481280 Loss:5.454965
2025-09-24 18:35:07,566 - INFO - Epoch 28 GPU:1184481280 Loss:5.179491
2025-09-24 18:35:12,550 - INFO - Epoch 29 GPU:1184481280 Loss:5.455510
2025-09-24 18:35:17,476 - INFO - Epoch 30 GPU:1184481280 Loss:5.146540
2025-09-24 18:35:22,431 - INFO - Epoch 31 GPU:1184481280 Loss:5.149592
2025-09-24 18:35:27,335 - INFO - Epoch 32 GPU:1184481280 Loss:5.020162
2025-09-24 18:35:32,240 - INFO - Epoch 33 GPU:1184481280 Loss:4.981122
2025-09-24 18:35:37,275 - INFO - Epoch 34 GPU:1184481280 Loss:4.966662
2025-09-24 18:35:42,089 - INFO - Epoch 35 GPU:1184481280 Loss:4.952215
2025-09-24 18:35:46,997 - INFO - Epoch 36 GPU:1184481280 Loss:4.728525
2025-09-24 18:35:52,019 - INFO - Epoch 37 GPU:1184481280 Loss:4.714389
2025-09-24 18:35:57,254 - INFO - Epoch 38 GPU:1184481280 Loss:4.662015
2025-09-24 18:36:02,498 - INFO - Epoch 39 GPU:1184481280 Loss:4.575394
2025-09-24 18:36:07,807 - INFO - Epoch 40 GPU:1184481280 Loss:4.605468
2025-09-24 18:36:12,813 - INFO - Epoch 41 GPU:1184481280 Loss:4.599842
2025-09-24 18:36:17,676 - INFO - Epoch 42 GPU:1184481280 Loss:4.502801
2025-09-24 18:36:22,535 - INFO - Epoch 43 GPU:1184481280 Loss:4.346597
2025-09-24 18:36:27,446 - INFO - Epoch 44 GPU:1184481280 Loss:4.462264
2025-09-24 18:36:32,417 - INFO - Epoch 45 GPU:1184481280 Loss:4.356422
2025-09-24 18:36:37,347 - INFO - Epoch 46 GPU:1184481280 Loss:4.194219
2025-09-24 18:36:42,312 - INFO - Epoch 47 GPU:1184481280 Loss:4.276487
2025-09-24 18:36:47,227 - INFO - Epoch 48 GPU:1184481280 Loss:4.271137
2025-09-24 18:36:52,203 - INFO - Epoch 49 GPU:1185848832 Loss:4.175212
2025-09-24 18:36:57,228 - INFO - Epoch 50 GPU:1185848832 Loss:4.240616
2025-09-24 18:37:02,231 - INFO - Epoch 51 GPU:1185848832 Loss:4.155605
2025-09-24 18:37:07,102 - INFO - Epoch 52 GPU:1185848832 Loss:3.943627
2025-09-24 18:37:12,156 - INFO - Epoch 53 GPU:1185848832 Loss:3.891153
2025-09-24 18:37:17,068 - INFO - Epoch 54 GPU:1185848832 Loss:4.044875
2025-09-24 18:37:22,136 - INFO - Epoch 55 GPU:1185848832 Loss:3.870021
2025-09-24 18:37:27,173 - INFO - Epoch 56 GPU:1196968960 Loss:4.002945
2025-09-24 18:37:32,134 - INFO - Epoch 57 GPU:1196968960 Loss:3.947574
2025-09-24 18:37:37,017 - INFO - Epoch 58 GPU:1196968960 Loss:3.854355
2025-09-24 18:37:42,049 - INFO - Epoch 59 GPU:1196968960 Loss:3.800438
2025-09-24 18:37:47,066 - INFO - Epoch 60 GPU:1196968960 Loss:3.798633
2025-09-24 18:37:52,200 - INFO - Epoch 61 GPU:1196968960 Loss:3.562213
2025-09-24 18:37:57,114 - INFO - Epoch 62 GPU:1196968960 Loss:3.556962
2025-09-24 18:38:02,029 - INFO - Epoch 63 GPU:1196968960 Loss:3.612286
2025-09-24 18:38:07,191 - INFO - Epoch 64 GPU:1196968960 Loss:3.463696
2025-09-24 18:38:12,055 - INFO - Epoch 65 GPU:1196968960 Loss:3.681044
2025-09-24 18:38:16,956 - INFO - Epoch 66 GPU:1196968960 Loss:3.528066
2025-09-24 18:38:21,858 - INFO - Epoch 67 GPU:1196968960 Loss:3.443425
2025-09-24 18:38:26,702 - INFO - Epoch 68 GPU:1196968960 Loss:3.358961
2025-09-24 18:38:31,690 - INFO - Epoch 69 GPU:1196968960 Loss:3.366546
2025-09-24 18:38:36,628 - INFO - Epoch 70 GPU:1196968960 Loss:3.549196
2025-09-24 18:38:41,517 - INFO - Epoch 71 GPU:1196968960 Loss:3.251542
2025-09-24 18:38:46,497 - INFO - Epoch 72 GPU:1196968960 Loss:3.252154
2025-09-24 18:38:51,481 - INFO - Epoch 73 GPU:1196968960 Loss:3.365216
2025-09-24 18:38:56,378 - INFO - Epoch 74 GPU:1196968960 Loss:3.268678
2025-09-24 18:39:01,323 - INFO - Epoch 75 GPU:1196968960 Loss:3.164186
2025-09-24 18:39:06,307 - INFO - Epoch 76 GPU:1196968960 Loss:3.207535
2025-09-24 18:39:11,220 - INFO - Epoch 77 GPU:1196968960 Loss:3.009933
2025-09-24 18:39:16,190 - INFO - Epoch 78 GPU:1196968960 Loss:3.107007
2025-09-24 18:39:21,107 - INFO - Epoch 79 GPU:1196968960 Loss:2.950223
2025-09-24 18:39:25,975 - INFO - Epoch 80 GPU:1196968960 Loss:3.106264
2025-09-24 18:39:30,798 - INFO - Epoch 81 GPU:1196968960 Loss:3.010946
2025-09-24 18:39:35,924 - INFO - Epoch 82 GPU:1196968960 Loss:2.843765
2025-09-24 18:39:40,858 - INFO - Epoch 83 GPU:1196968960 Loss:2.939181
2025-09-24 18:39:45,706 - INFO - Epoch 84 GPU:1196968960 Loss:2.769950
2025-09-24 18:39:50,577 - INFO - Epoch 85 GPU:1196968960 Loss:2.968395
2025-09-24 18:39:55,489 - INFO - Epoch 86 GPU:1196968960 Loss:2.774975
2025-09-24 18:40:00,355 - INFO - Epoch 87 GPU:1196968960 Loss:3.068314
2025-09-24 18:40:05,321 - INFO - Epoch 88 GPU:1196968960 Loss:2.782396
2025-09-24 18:40:10,704 - INFO - Epoch 89 GPU:1196968960 Loss:2.928268
2025-09-24 18:40:16,032 - INFO - Epoch 90 GPU:1196968960 Loss:2.911443
2025-09-24 18:40:21,288 - INFO - Epoch 91 GPU:1196968960 Loss:2.778915
2025-09-24 18:40:26,583 - INFO - Epoch 92 GPU:1196968960 Loss:2.710300
2025-09-24 18:40:31,409 - INFO - Epoch 93 GPU:1196968960 Loss:2.829221
2025-09-24 18:40:36,316 - INFO - Epoch 94 GPU:1196968960 Loss:2.743297
2025-09-24 18:40:41,307 - INFO - Epoch 95 GPU:1196968960 Loss:2.769158
2025-09-24 18:40:46,374 - INFO - Epoch 96 GPU:1196968960 Loss:2.815792
2025-09-24 18:40:51,607 - INFO - Epoch 97 GPU:1196968960 Loss:2.659915
2025-09-24 18:40:56,857 - INFO - Epoch 98 GPU:1196968960 Loss:2.644837
2025-09-24 18:41:01,989 - INFO - Epoch 99 GPU:1196968960 Loss:2.706750
2025-09-24 18:41:07,157 - INFO - Epoch 100 GPU:1196968960 Loss:2.721088
2025-09-24 18:41:12,340 - INFO - Epoch 101 GPU:1196968960 Loss:2.690200
2025-09-24 18:41:17,539 - INFO - Epoch 102 GPU:1196968960 Loss:2.625060
2025-09-24 18:41:22,840 - INFO - Epoch 103 GPU:1196968960 Loss:2.727682
2025-09-24 18:41:27,956 - INFO - Epoch 104 GPU:1196968960 Loss:2.823019
2025-09-24 18:41:32,884 - INFO - Epoch 105 GPU:1196968960 Loss:2.551457
2025-09-24 18:41:37,715 - INFO - Epoch 106 GPU:1196968960 Loss:2.532236
2025-09-24 18:41:42,690 - INFO - Epoch 107 GPU:1196968960 Loss:2.573414
2025-09-24 18:41:47,631 - INFO - Epoch 108 GPU:1196968960 Loss:2.550262
2025-09-24 18:41:52,419 - INFO - Epoch 109 GPU:1196968960 Loss:2.481069
2025-09-24 18:41:57,226 - INFO - Epoch 110 GPU:1196968960 Loss:2.510781
2025-09-24 18:42:02,007 - INFO - Epoch 111 GPU:1196968960 Loss:2.477061
2025-09-24 18:42:06,789 - INFO - Epoch 112 GPU:1196968960 Loss:2.478715
2025-09-24 18:42:11,595 - INFO - Epoch 113 GPU:1196968960 Loss:2.617606
2025-09-24 18:42:16,381 - INFO - Epoch 114 GPU:1196968960 Loss:2.352681
2025-09-24 18:42:21,128 - INFO - Epoch 115 GPU:1196968960 Loss:2.467083
2025-09-24 18:42:25,996 - INFO - Epoch 116 GPU:1196968960 Loss:2.458960
2025-09-24 18:42:30,868 - INFO - Epoch 117 GPU:1196968960 Loss:2.584479
2025-09-24 18:42:35,771 - INFO - Epoch 118 GPU:1196968960 Loss:2.369953
2025-09-24 18:42:40,736 - INFO - Epoch 119 GPU:1196968960 Loss:2.391910
2025-09-24 18:42:45,710 - INFO - Epoch 120 GPU:1196968960 Loss:2.238743
2025-09-24 18:42:50,520 - INFO - Epoch 121 GPU:1196968960 Loss:2.252874
2025-09-24 18:42:55,333 - INFO - Epoch 122 GPU:1196968960 Loss:2.320656
2025-09-24 18:43:00,218 - INFO - Epoch 123 GPU:1196968960 Loss:2.259254
2025-09-24 18:43:05,134 - INFO - Epoch 124 GPU:1196968960 Loss:2.413027
2025-09-24 18:43:09,935 - INFO - Epoch 125 GPU:1196968960 Loss:2.217327
2025-09-24 18:43:14,751 - INFO - Epoch 126 GPU:1196968960 Loss:2.168053
2025-09-24 18:43:19,651 - INFO - Epoch 127 GPU:1196968960 Loss:2.354931
2025-09-24 18:43:24,533 - INFO - Epoch 128 GPU:1196968960 Loss:2.239743
2025-09-24 18:43:29,320 - INFO - Epoch 129 GPU:1196968960 Loss:2.218929
2025-09-24 18:43:34,087 - INFO - Epoch 130 GPU:1196968960 Loss:2.227072
2025-09-24 18:43:38,901 - INFO - Epoch 131 GPU:1196968960 Loss:2.242019
2025-09-24 18:43:43,692 - INFO - Epoch 132 GPU:1196968960 Loss:2.208304
2025-09-24 18:43:48,670 - INFO - Epoch 133 GPU:1196968960 Loss:2.183000
2025-09-24 18:43:53,594 - INFO - Epoch 134 GPU:1196968960 Loss:2.235219
2025-09-24 18:43:58,488 - INFO - Epoch 135 GPU:1196968960 Loss:2.035882
2025-09-24 18:44:03,386 - INFO - Epoch 136 GPU:1196968960 Loss:2.052688
2025-09-24 18:44:08,169 - INFO - Epoch 137 GPU:1196968960 Loss:1.951068
2025-09-24 18:44:13,000 - INFO - Epoch 138 GPU:1196968960 Loss:2.073227
2025-09-24 18:44:17,850 - INFO - Epoch 139 GPU:1196968960 Loss:2.183783
2025-09-24 18:44:22,902 - INFO - Epoch 140 GPU:1196968960 Loss:2.092279
2025-09-24 18:44:28,071 - INFO - Epoch 141 GPU:1196968960 Loss:2.105409
2025-09-24 18:44:33,172 - INFO - Epoch 142 GPU:1196968960 Loss:2.041912
2025-09-24 18:44:38,191 - INFO - Epoch 143 GPU:1196968960 Loss:2.277933
2025-09-24 18:44:43,017 - INFO - Epoch 144 GPU:1196968960 Loss:2.039719
2025-09-24 18:44:47,783 - INFO - Epoch 145 GPU:1196968960 Loss:1.964124
2025-09-24 18:44:52,649 - INFO - Epoch 146 GPU:1196968960 Loss:2.031034
2025-09-24 18:44:57,401 - INFO - Epoch 147 GPU:1196968960 Loss:2.171034
2025-09-24 18:45:02,182 - INFO - Epoch 148 GPU:1196968960 Loss:2.020876
2025-09-24 18:45:06,999 - INFO - Epoch 149 GPU:1196968960 Loss:1.942006
2025-09-24 18:45:11,865 - INFO - Epoch 150 GPU:1196968960 Loss:2.090494
2025-09-24 18:45:16,649 - INFO - Epoch 151 GPU:1196968960 Loss:2.100977
2025-09-24 18:45:21,499 - INFO - Epoch 152 GPU:1196968960 Loss:2.203204
2025-09-24 18:45:26,298 - INFO - Epoch 153 GPU:1196968960 Loss:1.946835
2025-09-24 18:45:31,049 - INFO - Epoch 154 GPU:1196968960 Loss:2.116047
2025-09-24 18:45:35,807 - INFO - Epoch 155 GPU:1196968960 Loss:1.988080
2025-09-24 18:45:40,515 - INFO - Epoch 156 GPU:1196968960 Loss:1.982244
2025-09-24 18:45:45,348 - INFO - Epoch 157 GPU:1196968960 Loss:1.929015
2025-09-24 18:45:50,114 - INFO - Epoch 158 GPU:1196968960 Loss:1.930119
2025-09-24 18:45:54,897 - INFO - Epoch 159 GPU:1196968960 Loss:2.137123
2025-09-24 18:45:59,581 - INFO - Epoch 160 GPU:1196968960 Loss:2.093212
2025-09-24 18:46:04,381 - INFO - Epoch 161 GPU:1196968960 Loss:2.047790
2025-09-24 18:46:09,219 - INFO - Epoch 162 GPU:1196968960 Loss:2.102668
2025-09-24 18:46:13,932 - INFO - Epoch 163 GPU:1196968960 Loss:1.960017
2025-09-24 18:46:18,680 - INFO - Epoch 164 GPU:1196968960 Loss:1.873386
2025-09-24 18:46:23,779 - INFO - Epoch 165 GPU:1196968960 Loss:1.929563
2025-09-24 18:46:29,294 - INFO - Epoch 166 GPU:1196968960 Loss:1.938358
2025-09-24 18:46:34,381 - INFO - Epoch 167 GPU:1196968960 Loss:1.857599
2025-09-24 18:46:39,099 - INFO - Epoch 168 GPU:1196968960 Loss:2.105807
2025-09-24 18:46:43,896 - INFO - Epoch 169 GPU:1196968960 Loss:1.864349
2025-09-24 18:46:48,646 - INFO - Epoch 170 GPU:1196968960 Loss:2.061424
2025-09-24 18:46:53,419 - INFO - Epoch 171 GPU:1196968960 Loss:2.068207
2025-09-24 18:46:58,212 - INFO - Epoch 172 GPU:1196968960 Loss:1.968028
2025-09-24 18:47:02,963 - INFO - Epoch 173 GPU:1196968960 Loss:1.954796
2025-09-24 18:47:07,663 - INFO - Epoch 174 GPU:1196968960 Loss:1.827395
2025-09-24 18:47:12,446 - INFO - Epoch 175 GPU:1196968960 Loss:1.977308
2025-09-24 18:47:17,456 - INFO - Epoch 176 GPU:1196968960 Loss:1.948440
2025-09-24 18:47:22,528 - INFO - Epoch 177 GPU:1196968960 Loss:1.772992
2025-09-24 18:47:27,487 - INFO - Epoch 178 GPU:1196968960 Loss:1.700579
2025-09-24 18:47:32,263 - INFO - Epoch 179 GPU:1196968960 Loss:1.867623
2025-09-24 18:47:36,996 - INFO - Epoch 180 GPU:1196968960 Loss:1.969688
2025-09-24 18:47:41,780 - INFO - Epoch 181 GPU:1196968960 Loss:1.864865
2025-09-24 18:47:46,604 - INFO - Epoch 182 GPU:1196968960 Loss:1.878744
2025-09-24 18:47:51,619 - INFO - Epoch 183 GPU:1196968960 Loss:1.927586
2025-09-24 18:47:56,563 - INFO - Epoch 184 GPU:1196968960 Loss:1.687257
2025-09-24 18:48:01,433 - INFO - Epoch 185 GPU:1196968960 Loss:1.965565
2025-09-24 18:48:06,329 - INFO - Epoch 186 GPU:1196968960 Loss:1.843460
2025-09-24 18:48:11,311 - INFO - Epoch 187 GPU:1196968960 Loss:1.726326
2025-09-24 18:48:16,249 - INFO - Epoch 188 GPU:1196968960 Loss:1.809080
2025-09-24 18:48:21,186 - INFO - Epoch 189 GPU:1196968960 Loss:1.959098
2025-09-24 18:48:26,085 - INFO - Epoch 190 GPU:1196968960 Loss:1.678174
2025-09-24 18:48:31,092 - INFO - Epoch 191 GPU:1196968960 Loss:1.678872
2025-09-24 18:48:36,030 - INFO - Epoch 192 GPU:1196968960 Loss:1.666714
2025-09-24 18:48:41,073 - INFO - Epoch 193 GPU:1196968960 Loss:1.579043
2025-09-24 18:48:46,192 - INFO - Epoch 194 GPU:1196968960 Loss:1.734690
2025-09-24 18:48:51,176 - INFO - Epoch 195 GPU:1196968960 Loss:1.726731
2025-09-24 18:48:56,188 - INFO - Epoch 196 GPU:1196968960 Loss:1.716202
2025-09-24 18:49:01,087 - INFO - Epoch 197 GPU:1196968960 Loss:1.726991
2025-09-24 18:49:06,003 - INFO - Epoch 198 GPU:1196968960 Loss:1.726886
2025-09-24 18:49:10,929 - INFO - Epoch 199 GPU:1196968960 Loss:1.768415
2025-09-24 18:49:15,687 - INFO - Epoch 200 GPU:1196968960 Loss:1.772826
2025-09-24 18:49:17,375 - INFO - Link Prediction (Head, 539)
MR:207.7513914656772
MRR:0.23214889857439092
Hit1:0.1261595547309833
Hit3:0.26159554730983303
Hit10:0.48608534322820035
2025-09-24 18:49:17,376 - INFO - Link Prediction (Tail, 539)
MR:138.27458256029684
MRR:0.24107123205058573
Hit1:0.14100185528756956
Hit3:0.2634508348794063
Hit10:0.4805194805194805
2025-09-24 18:49:17,376 - INFO - Link Prediction (Qual, 685)
MR:78.76934306569343
MRR:0.45981021808253747
Hit1:0.36642335766423356
Hit3:0.5065693430656935
Hit10:0.6072992700729927
2025-09-24 18:49:17,376 - INFO - Link Prediction (Pri, 1078)
MR:173.01298701298703
MRR:0.2366100653124883
Hit1:0.13358070500927643
Hit3:0.2625231910946197
Hit10:0.48330241187384043
2025-09-24 18:49:17,376 - INFO - Link Prediction (All, 1763)
MR:136.3953488372093
MRR:0.32333275654758964
Hit1:0.22404991491775383
Hit3:0.35734543391945545
Hit10:0.5314804310833806
2025-09-24 18:49:17,617 - INFO - END
