2025-09-24 15:29:24,907 - INFO - 6252
2025-09-24 15:29:24,907 - INFO - dataset_name:WK-100
2025-09-24 15:29:24,907 - INFO - data_dir:../data/
2025-09-24 15:29:24,907 - INFO - exp:ICML2025_reproduce
2025-09-24 15:29:24,914 - INFO - setting:Inductive
2025-09-24 15:29:24,914 - INFO - log_name:WK-100
2025-09-24 15:29:24,914 - INFO - lr:0.0005
2025-09-24 15:29:24,914 - INFO - dim:32
2025-09-24 15:29:24,914 - INFO - start_epoch:0
2025-09-24 15:29:24,914 - INFO - num_epoch:410
2025-09-24 15:29:24,914 - INFO - val_dur:410
2025-09-24 15:29:24,914 - INFO - val_size:100
2025-09-24 15:29:24,914 - INFO - num_init_layer:3
2025-09-24 15:29:24,914 - INFO - num_layer:5
2025-09-24 15:29:24,914 - INFO - num_head:2
2025-09-24 15:29:24,914 - INFO - early_stop:0
2025-09-24 15:29:24,916 - INFO - batch_num:30
2025-09-24 15:29:24,916 - INFO - train_graph_ratio:0.3
2025-09-24 15:29:24,916 - INFO - model_dropout:0.05
2025-09-24 15:29:24,916 - INFO - smoothing:0.0
2025-09-24 15:29:24,916 - INFO - no_write:False
2025-09-24 15:29:24,916 - INFO - msg_add_tr:False
2025-09-24 15:29:24,916 - INFO - Args Listed!
2025-09-24 15:29:24,916 - INFO - Loading Dataset...
2025-09-24 15:29:25,042 - INFO - Dataset Loaded Successfully!
2025-09-24 15:29:25,042 - INFO - Generating Dictionaries for Filtering...
2025-09-24 15:29:25,119 - INFO - Successfully Generated Filtering Dictionary!
2025-09-24 15:29:25,119 - INFO - Model Input Construction...
2025-09-24 15:29:26,454 - INFO - Successfully Saved Model Inputs!
2025-09-24 15:29:26,454 - INFO - Evaluation Query Generation...
2025-09-24 15:29:26,651 - INFO - Evaluation Query Generated Successfully!
2025-09-24 15:29:33,761 - INFO - Epoch 1 GPU:615641600 Loss:8.966871
2025-09-24 15:29:39,601 - INFO - Epoch 2 GPU:619775488 Loss:7.343450
2025-09-24 15:29:45,335 - INFO - Epoch 3 GPU:619775488 Loss:6.849160
2025-09-24 15:29:51,192 - INFO - Epoch 4 GPU:620272128 Loss:6.703658
2025-09-24 15:29:57,134 - INFO - Epoch 5 GPU:620272128 Loss:6.501336
2025-09-24 15:30:03,050 - INFO - Epoch 6 GPU:620272128 Loss:6.487193
2025-09-24 15:30:09,292 - INFO - Epoch 7 GPU:620272128 Loss:6.406427
2025-09-24 15:30:15,502 - INFO - Epoch 8 GPU:620272128 Loss:6.376411
2025-09-24 15:30:21,755 - INFO - Epoch 9 GPU:620272128 Loss:6.302142
2025-09-24 15:30:28,034 - INFO - Epoch 10 GPU:621073408 Loss:6.246036
2025-09-24 15:30:34,374 - INFO - Epoch 11 GPU:621073408 Loss:6.225111
2025-09-24 15:30:40,640 - INFO - Epoch 12 GPU:621073408 Loss:6.243180
2025-09-24 15:30:46,716 - INFO - Epoch 13 GPU:627718656 Loss:6.125024
2025-09-24 15:30:52,838 - INFO - Epoch 14 GPU:627718656 Loss:6.012823
2025-09-24 15:30:59,076 - INFO - Epoch 15 GPU:627718656 Loss:6.025859
2025-09-24 15:31:05,183 - INFO - Epoch 16 GPU:627718656 Loss:5.948520
2025-09-24 15:31:11,247 - INFO - Epoch 17 GPU:627718656 Loss:5.947001
2025-09-24 15:31:17,411 - INFO - Epoch 18 GPU:627718656 Loss:5.931665
2025-09-24 15:31:23,543 - INFO - Epoch 19 GPU:627718656 Loss:5.893940
2025-09-24 15:31:29,688 - INFO - Epoch 20 GPU:627718656 Loss:5.864413
2025-09-24 15:31:35,801 - INFO - Epoch 21 GPU:627718656 Loss:5.856743
2025-09-24 15:31:41,965 - INFO - Epoch 22 GPU:627718656 Loss:5.882561
2025-09-24 15:31:48,136 - INFO - Epoch 23 GPU:627718656 Loss:5.815243
2025-09-24 15:31:54,150 - INFO - Epoch 24 GPU:627718656 Loss:5.798837
2025-09-24 15:32:00,254 - INFO - Epoch 25 GPU:627718656 Loss:5.816861
2025-09-24 15:32:06,631 - INFO - Epoch 26 GPU:627718656 Loss:5.808250
2025-09-24 15:32:13,554 - INFO - Epoch 27 GPU:627718656 Loss:5.776708
2025-09-24 15:32:19,837 - INFO - Epoch 28 GPU:627718656 Loss:5.756469
2025-09-24 15:32:39,599 - INFO - 13672
2025-09-24 15:32:39,623 - INFO - dataset_name:WK-100
2025-09-24 15:32:39,623 - INFO - data_dir:../data/
2025-09-24 15:32:39,623 - INFO - exp:ICML2025_reproduce
2025-09-24 15:32:39,623 - INFO - setting:Inductive
2025-09-24 15:32:39,623 - INFO - log_name:WK-100
2025-09-24 15:32:39,623 - INFO - lr:0.0005
2025-09-24 15:32:39,623 - INFO - dim:32
2025-09-24 15:32:39,623 - INFO - start_epoch:0
2025-09-24 15:32:39,623 - INFO - num_epoch:410
2025-09-24 15:32:39,623 - INFO - val_dur:410
2025-09-24 15:32:39,623 - INFO - val_size:100
2025-09-24 15:32:39,623 - INFO - num_init_layer:3
2025-09-24 15:32:39,623 - INFO - num_layer:5
2025-09-24 15:32:39,623 - INFO - num_head:2
2025-09-24 15:32:39,623 - INFO - early_stop:0
2025-09-24 15:32:39,623 - INFO - batch_num:30
2025-09-24 15:32:39,623 - INFO - train_graph_ratio:0.3
2025-09-24 15:32:39,623 - INFO - model_dropout:0.05
2025-09-24 15:32:39,623 - INFO - smoothing:0.0
2025-09-24 15:32:39,623 - INFO - no_write:False
2025-09-24 15:32:39,623 - INFO - msg_add_tr:False
2025-09-24 15:32:39,623 - INFO - Args Listed!
2025-09-24 15:32:39,623 - INFO - Loading Dataset...
2025-09-24 15:32:39,729 - INFO - Dataset Loaded Successfully!
2025-09-24 15:32:39,729 - INFO - Generating Dictionaries for Filtering...
2025-09-24 15:32:39,805 - INFO - Successfully Generated Filtering Dictionary!
2025-09-24 15:32:39,805 - INFO - Model Input Construction...
2025-09-24 15:32:41,144 - INFO - Successfully Saved Model Inputs!
2025-09-24 15:32:41,144 - INFO - Evaluation Query Generation...
2025-09-24 15:32:41,331 - INFO - Evaluation Query Generated Successfully!
