2025-09-24 19:27:34,610 - INFO - 20028
2025-09-24 19:27:34,610 - INFO - dataset_name:NL-100
2025-09-24 19:27:34,610 - INFO - data_dir:../data/
2025-09-24 19:27:34,610 - INFO - exp:MP_PQ
2025-09-24 19:27:34,611 - INFO - setting:Inductive
2025-09-24 19:27:34,611 - INFO - log_name:NL-100
2025-09-24 19:27:34,611 - INFO - lr:0.0002
2025-09-24 19:27:34,611 - INFO - dim:32
2025-09-24 19:27:34,611 - INFO - start_epoch:0
2025-09-24 19:27:34,611 - INFO - num_epoch:160
2025-09-24 19:27:34,642 - INFO - val_dur:160
2025-09-24 19:27:34,642 - INFO - val_size:100
2025-09-24 19:27:34,642 - INFO - num_init_layer:4
2025-09-24 19:27:34,642 - INFO - num_layer:4
2025-09-24 19:27:34,642 - INFO - num_head:4
2025-09-24 19:27:34,642 - INFO - early_stop:0
2025-09-24 19:27:34,642 - INFO - batch_num:30
2025-09-24 19:27:34,642 - INFO - train_graph_ratio:0.35
2025-09-24 19:27:34,642 - INFO - model_dropout:0.05
2025-09-24 19:27:34,642 - INFO - smoothing:0.0
2025-09-24 19:27:34,642 - INFO - no_write:False
2025-09-24 19:27:34,642 - INFO - msg_add_tr:False
2025-09-24 19:27:34,642 - INFO - Args Listed!
2025-09-24 19:27:34,642 - INFO - Loading Dataset...
2025-09-24 19:27:34,668 - INFO - Dataset Loaded Successfully!
2025-09-24 19:27:34,668 - INFO - Generating Dictionaries for Filtering...
2025-09-24 19:27:34,706 - INFO - Successfully Generated Filtering Dictionary!
2025-09-24 19:27:34,706 - INFO - Model Input Construction...
2025-09-24 19:27:35,032 - INFO - Successfully Saved Model Inputs!
2025-09-24 19:27:35,032 - INFO - Evaluation Query Generation...
2025-09-24 19:27:35,063 - INFO - Evaluation Query Generated Successfully!
2025-09-24 19:27:39,771 - INFO - Epoch 1 GPU:93665280 Loss:8.423433
2025-09-24 19:27:43,406 - INFO - Epoch 2 GPU:93665280 Loss:5.999867
2025-09-24 19:27:47,121 - INFO - Epoch 3 GPU:93665280 Loss:5.585683
2025-09-24 19:27:50,832 - INFO - Epoch 4 GPU:93665280 Loss:5.392985
2025-09-24 19:27:54,486 - INFO - Epoch 5 GPU:93665280 Loss:5.343777
2025-09-24 19:27:58,273 - INFO - Epoch 6 GPU:93665280 Loss:5.344903
2025-09-24 19:28:01,928 - INFO - Epoch 7 GPU:93665280 Loss:5.294949
2025-09-24 19:28:05,803 - INFO - Epoch 8 GPU:93665280 Loss:5.306979
2025-09-24 19:28:09,653 - INFO - Epoch 9 GPU:93665280 Loss:5.268123
2025-09-24 19:28:13,436 - INFO - Epoch 10 GPU:93665280 Loss:5.262281
2025-09-24 19:28:17,093 - INFO - Epoch 11 GPU:93665280 Loss:5.253975
2025-09-24 19:28:20,803 - INFO - Epoch 12 GPU:93665280 Loss:5.219111
2025-09-24 19:28:24,503 - INFO - Epoch 13 GPU:93665280 Loss:5.192943
2025-09-24 19:28:28,226 - INFO - Epoch 14 GPU:93665280 Loss:5.141427
2025-09-24 19:28:32,285 - INFO - Epoch 15 GPU:93665280 Loss:5.131530
2025-09-24 19:28:36,187 - INFO - Epoch 16 GPU:93665280 Loss:5.180651
2025-09-24 19:28:40,037 - INFO - Epoch 17 GPU:93665280 Loss:5.164698
2025-09-24 19:28:43,809 - INFO - Epoch 18 GPU:93665280 Loss:5.138521
2025-09-24 19:28:47,616 - INFO - Epoch 19 GPU:93665280 Loss:5.080491
2025-09-24 19:28:51,420 - INFO - Epoch 20 GPU:93665280 Loss:5.122371
2025-09-24 19:28:55,369 - INFO - Epoch 21 GPU:93665280 Loss:5.034980
2025-09-24 19:28:59,353 - INFO - Epoch 22 GPU:93665280 Loss:5.035801
2025-09-24 19:29:03,506 - INFO - Epoch 23 GPU:93665280 Loss:5.010198
2025-09-24 19:29:07,486 - INFO - Epoch 24 GPU:93665280 Loss:5.014088
2025-09-24 19:29:11,485 - INFO - Epoch 25 GPU:93665280 Loss:4.962597
2025-09-24 19:29:15,470 - INFO - Epoch 26 GPU:93665280 Loss:4.927880
2025-09-24 19:29:19,434 - INFO - Epoch 27 GPU:93665280 Loss:4.892682
2025-09-24 19:29:23,318 - INFO - Epoch 28 GPU:93665280 Loss:4.996779
2025-09-24 19:29:27,119 - INFO - Epoch 29 GPU:93665280 Loss:4.879522
2025-09-24 19:29:30,840 - INFO - Epoch 30 GPU:93665280 Loss:4.913394
2025-09-24 19:29:34,582 - INFO - Epoch 31 GPU:93665280 Loss:4.938604
2025-09-24 19:29:38,285 - INFO - Epoch 32 GPU:93665280 Loss:4.915451
2025-09-24 19:29:41,932 - INFO - Epoch 33 GPU:93665280 Loss:4.870227
2025-09-24 19:29:45,635 - INFO - Epoch 34 GPU:93665280 Loss:4.841724
2025-09-24 19:29:49,282 - INFO - Epoch 35 GPU:93665280 Loss:4.825296
2025-09-24 19:29:52,973 - INFO - Epoch 36 GPU:93665280 Loss:4.835176
2025-09-24 19:29:56,652 - INFO - Epoch 37 GPU:93665280 Loss:4.875829
2025-09-24 19:30:00,335 - INFO - Epoch 38 GPU:93665280 Loss:4.775399
2025-09-24 19:30:03,994 - INFO - Epoch 39 GPU:93665280 Loss:4.826286
2025-09-24 19:30:07,651 - INFO - Epoch 40 GPU:93665280 Loss:4.828561
2025-09-24 19:30:11,310 - INFO - Epoch 41 GPU:93665280 Loss:4.803692
2025-09-24 19:30:15,018 - INFO - Epoch 42 GPU:93665280 Loss:4.822926
2025-09-24 19:30:18,751 - INFO - Epoch 43 GPU:93665280 Loss:4.741341
2025-09-24 19:30:22,402 - INFO - Epoch 44 GPU:93665280 Loss:4.734672
2025-09-24 19:30:26,100 - INFO - Epoch 45 GPU:93665280 Loss:4.766166
2025-09-24 19:30:29,867 - INFO - Epoch 46 GPU:93665280 Loss:4.673045
2025-09-24 19:30:33,586 - INFO - Epoch 47 GPU:93665280 Loss:4.735301
2025-09-24 19:30:37,267 - INFO - Epoch 48 GPU:93665280 Loss:4.722971
2025-09-24 19:30:40,995 - INFO - Epoch 49 GPU:93665280 Loss:4.715101
2025-09-24 19:30:44,691 - INFO - Epoch 50 GPU:93665280 Loss:4.716998
2025-09-24 19:30:48,416 - INFO - Epoch 51 GPU:93665280 Loss:4.678273
2025-09-24 19:30:52,166 - INFO - Epoch 52 GPU:93665280 Loss:4.684174
2025-09-24 19:30:55,934 - INFO - Epoch 53 GPU:93665280 Loss:4.745901
2025-09-24 19:30:59,633 - INFO - Epoch 54 GPU:93665280 Loss:4.675017
2025-09-24 19:31:03,343 - INFO - Epoch 55 GPU:93665280 Loss:4.666076
2025-09-24 19:31:07,016 - INFO - Epoch 56 GPU:93665280 Loss:4.641714
2025-09-24 19:31:10,737 - INFO - Epoch 57 GPU:93665280 Loss:4.618572
2025-09-24 19:31:14,401 - INFO - Epoch 58 GPU:93665280 Loss:4.657091
2025-09-24 19:31:18,079 - INFO - Epoch 59 GPU:93665280 Loss:4.641412
2025-09-24 19:31:21,783 - INFO - Epoch 60 GPU:93665280 Loss:4.628118
2025-09-24 19:31:25,531 - INFO - Epoch 61 GPU:93665280 Loss:4.601155
2025-09-24 19:31:29,282 - INFO - Epoch 62 GPU:93665280 Loss:4.628539
2025-09-24 19:31:32,899 - INFO - Epoch 63 GPU:93665280 Loss:4.659239
2025-09-24 19:31:36,715 - INFO - Epoch 64 GPU:93665280 Loss:4.673839
2025-09-24 19:31:40,482 - INFO - Epoch 65 GPU:93665280 Loss:4.593384
2025-09-24 19:31:44,216 - INFO - Epoch 66 GPU:93665280 Loss:4.636211
2025-09-24 19:31:47,882 - INFO - Epoch 67 GPU:94028800 Loss:4.646815
2025-09-24 19:31:51,599 - INFO - Epoch 68 GPU:94028800 Loss:4.583196
2025-09-24 19:31:55,349 - INFO - Epoch 69 GPU:94028800 Loss:4.571112
2025-09-24 19:31:59,048 - INFO - Epoch 70 GPU:94028800 Loss:4.544840
2025-09-24 19:32:02,749 - INFO - Epoch 71 GPU:94028800 Loss:4.630080
2025-09-24 19:32:06,465 - INFO - Epoch 72 GPU:94028800 Loss:4.604385
2025-09-24 19:32:10,232 - INFO - Epoch 73 GPU:94028800 Loss:4.611940
2025-09-24 19:32:13,940 - INFO - Epoch 74 GPU:94028800 Loss:4.586431
2025-09-24 19:32:17,665 - INFO - Epoch 75 GPU:94028800 Loss:4.623955
2025-09-24 19:32:21,465 - INFO - Epoch 76 GPU:94028800 Loss:4.618376
2025-09-24 19:32:25,281 - INFO - Epoch 77 GPU:94028800 Loss:4.578428
2025-09-24 19:32:28,989 - INFO - Epoch 78 GPU:94028800 Loss:4.570656
2025-09-24 19:32:32,747 - INFO - Epoch 79 GPU:94028800 Loss:4.600475
2025-09-24 19:32:36,472 - INFO - Epoch 80 GPU:94028800 Loss:4.544517
2025-09-24 19:32:40,210 - INFO - Epoch 81 GPU:94028800 Loss:4.579941
2025-09-24 19:32:44,032 - INFO - Epoch 82 GPU:94028800 Loss:4.572132
2025-09-24 19:32:47,748 - INFO - Epoch 83 GPU:94028800 Loss:4.555645
2025-09-24 19:32:51,450 - INFO - Epoch 84 GPU:94028800 Loss:4.517776
2025-09-24 19:32:55,182 - INFO - Epoch 85 GPU:94028800 Loss:4.557305
2025-09-24 19:32:58,936 - INFO - Epoch 86 GPU:94028800 Loss:4.590929
2025-09-24 19:33:02,747 - INFO - Epoch 87 GPU:94028800 Loss:4.533554
2025-09-24 19:33:06,523 - INFO - Epoch 88 GPU:94028800 Loss:4.550788
2025-09-24 19:33:10,209 - INFO - Epoch 89 GPU:94028800 Loss:4.577095
2025-09-24 19:33:13,857 - INFO - Epoch 90 GPU:94028800 Loss:4.543154
2025-09-24 19:33:17,497 - INFO - Epoch 91 GPU:94028800 Loss:4.551717
2025-09-24 19:33:21,245 - INFO - Epoch 92 GPU:94028800 Loss:4.591119
2025-09-24 19:33:24,980 - INFO - Epoch 93 GPU:94028800 Loss:4.565377
2025-09-24 19:33:28,609 - INFO - Epoch 94 GPU:94028800 Loss:4.499578
2025-09-24 19:33:32,280 - INFO - Epoch 95 GPU:94028800 Loss:4.552015
2025-09-24 19:33:35,943 - INFO - Epoch 96 GPU:94028800 Loss:4.511416
2025-09-24 19:33:39,593 - INFO - Epoch 97 GPU:94028800 Loss:4.558583
2025-09-24 19:33:43,280 - INFO - Epoch 98 GPU:94028800 Loss:4.526178
2025-09-24 19:33:47,062 - INFO - Epoch 99 GPU:94028800 Loss:4.502611
2025-09-24 19:33:50,742 - INFO - Epoch 100 GPU:94028800 Loss:4.532778
2025-09-24 19:33:54,384 - INFO - Epoch 101 GPU:94028800 Loss:4.495720
2025-09-24 19:33:58,028 - INFO - Epoch 102 GPU:94028800 Loss:4.509633
2025-09-24 19:34:01,662 - INFO - Epoch 103 GPU:94028800 Loss:4.553420
2025-09-24 19:34:05,296 - INFO - Epoch 104 GPU:94028800 Loss:4.517104
2025-09-24 19:34:08,979 - INFO - Epoch 105 GPU:94028800 Loss:4.535607
2025-09-24 19:34:12,628 - INFO - Epoch 106 GPU:94028800 Loss:4.515675
2025-09-24 19:34:16,329 - INFO - Epoch 107 GPU:94028800 Loss:4.494025
2025-09-24 19:34:20,046 - INFO - Epoch 108 GPU:94028800 Loss:4.484439
2025-09-24 19:34:23,745 - INFO - Epoch 109 GPU:94028800 Loss:4.504336
2025-09-24 19:34:27,593 - INFO - Epoch 110 GPU:94028800 Loss:4.531662
2025-09-24 19:34:31,629 - INFO - Epoch 111 GPU:94028800 Loss:4.507735
2025-09-24 19:34:35,512 - INFO - Epoch 112 GPU:94028800 Loss:4.529357
2025-09-24 19:34:39,162 - INFO - Epoch 113 GPU:94028800 Loss:4.512515
2025-09-24 19:34:42,795 - INFO - Epoch 114 GPU:94028800 Loss:4.498994
2025-09-24 19:34:46,461 - INFO - Epoch 115 GPU:94028800 Loss:4.486301
2025-09-24 19:34:50,199 - INFO - Epoch 116 GPU:94028800 Loss:4.480270
2025-09-24 19:34:54,005 - INFO - Epoch 117 GPU:94028800 Loss:4.499035
2025-09-24 19:34:57,762 - INFO - Epoch 118 GPU:94028800 Loss:4.548522
2025-09-24 19:35:01,527 - INFO - Epoch 119 GPU:94028800 Loss:4.513354
2025-09-24 19:35:05,261 - INFO - Epoch 120 GPU:94028800 Loss:4.550382
2025-09-24 19:35:08,994 - INFO - Epoch 121 GPU:94028800 Loss:4.491209
2025-09-24 19:35:12,733 - INFO - Epoch 122 GPU:94028800 Loss:4.506646
2025-09-24 19:35:16,510 - INFO - Epoch 123 GPU:94028800 Loss:4.449005
2025-09-24 19:35:20,242 - INFO - Epoch 124 GPU:94028800 Loss:4.516337
2025-09-24 19:35:23,911 - INFO - Epoch 125 GPU:94028800 Loss:4.483820
2025-09-24 19:35:27,627 - INFO - Epoch 126 GPU:94028800 Loss:4.498857
2025-09-24 19:35:31,344 - INFO - Epoch 127 GPU:94028800 Loss:4.491202
2025-09-24 19:35:35,010 - INFO - Epoch 128 GPU:94028800 Loss:4.527271
2025-09-24 19:35:38,743 - INFO - Epoch 129 GPU:94028800 Loss:4.458265
2025-09-24 19:35:42,410 - INFO - Epoch 130 GPU:94028800 Loss:4.494881
2025-09-24 19:35:46,093 - INFO - Epoch 131 GPU:94028800 Loss:4.533047
2025-09-24 19:35:49,804 - INFO - Epoch 132 GPU:94028800 Loss:4.515098
2025-09-24 19:35:53,565 - INFO - Epoch 133 GPU:94028800 Loss:4.520716
2025-09-24 19:35:57,407 - INFO - Epoch 134 GPU:94028800 Loss:4.516705
2025-09-24 19:36:01,127 - INFO - Epoch 135 GPU:94028800 Loss:4.470660
2025-09-24 19:36:04,843 - INFO - Epoch 136 GPU:94028800 Loss:4.536762
2025-09-24 19:36:08,525 - INFO - Epoch 137 GPU:94028800 Loss:4.467726
2025-09-24 19:36:12,268 - INFO - Epoch 138 GPU:94028800 Loss:4.491998
2025-09-24 19:36:16,045 - INFO - Epoch 139 GPU:94028800 Loss:4.476317
2025-09-24 19:36:19,850 - INFO - Epoch 140 GPU:94028800 Loss:4.483115
2025-09-24 19:36:23,643 - INFO - Epoch 141 GPU:94028800 Loss:4.479806
2025-09-24 19:36:27,496 - INFO - Epoch 142 GPU:94028800 Loss:4.509246
2025-09-24 19:36:31,459 - INFO - Epoch 143 GPU:94028800 Loss:4.470534
2025-09-24 19:36:35,444 - INFO - Epoch 144 GPU:94028800 Loss:4.488667
2025-09-24 19:36:39,386 - INFO - Epoch 145 GPU:94028800 Loss:4.514656
2025-09-24 19:36:43,396 - INFO - Epoch 146 GPU:94028800 Loss:4.438270
2025-09-24 19:36:47,225 - INFO - Epoch 147 GPU:94028800 Loss:4.451606
2025-09-24 19:36:50,892 - INFO - Epoch 148 GPU:94028800 Loss:4.481399
2025-09-24 19:36:54,642 - INFO - Epoch 149 GPU:94028800 Loss:4.456271
2025-09-24 19:36:58,392 - INFO - Epoch 150 GPU:94028800 Loss:4.509142
2025-09-24 19:37:02,058 - INFO - Epoch 151 GPU:94028800 Loss:4.455552
2025-09-24 19:37:05,688 - INFO - Epoch 152 GPU:94028800 Loss:4.492490
2025-09-24 19:37:09,441 - INFO - Epoch 153 GPU:94028800 Loss:4.504975
2025-09-24 19:37:13,071 - INFO - Epoch 154 GPU:94028800 Loss:4.514545
2025-09-24 19:37:16,753 - INFO - Epoch 155 GPU:94028800 Loss:4.480906
2025-09-24 19:37:20,443 - INFO - Epoch 156 GPU:94028800 Loss:4.439500
2025-09-24 19:37:24,207 - INFO - Epoch 157 GPU:94028800 Loss:4.453933
2025-09-24 19:37:27,908 - INFO - Epoch 158 GPU:94306816 Loss:4.497138
2025-09-24 19:37:31,608 - INFO - Epoch 159 GPU:94306816 Loss:4.476431
2025-09-24 19:37:35,324 - INFO - Epoch 160 GPU:94306816 Loss:4.470261
2025-09-24 19:37:35,920 - INFO - Link Prediction (Head, 793)
MR:182.750315258512
MRR:0.21662796295151862
Hit1:0.1450189155107188
Hit3:0.23581336696090793
Hit10:0.3644388398486759
2025-09-24 19:37:35,920 - INFO - Link Prediction (Tail, 793)
MR:77.85245901639344
MRR:0.37905690559209426
Hit1:0.25346784363177804
Hit3:0.43631778058007564
Hit10:0.6027742749054225
2025-09-24 19:37:35,920 - INFO - Link Prediction (Pri, 1586)
MR:130.3013871374527
MRR:0.2978424342718064
Hit1:0.19924337957124844
Hit3:0.3360655737704918
Hit10:0.48360655737704916
2025-09-24 19:37:36,024 - INFO - END
