2025-09-24 19:44:08,216 - INFO - 19020
2025-09-24 19:44:08,216 - INFO - dataset_name:WD20K100v2
2025-09-24 19:44:08,216 - INFO - data_dir:../data/
2025-09-24 19:44:08,216 - INFO - exp:MP_PQ
2025-09-24 19:44:08,216 - INFO - setting:Inductive
2025-09-24 19:44:08,218 - INFO - log_name:WDv2
2025-09-24 19:44:08,218 - INFO - lr:0.0002
2025-09-24 19:44:08,218 - INFO - dim:256
2025-09-24 19:44:08,218 - INFO - start_epoch:0
2025-09-24 19:44:08,218 - INFO - num_epoch:210
2025-09-24 19:44:08,282 - INFO - val_dur:210
2025-09-24 19:44:08,282 - INFO - val_size:100
2025-09-24 19:44:08,282 - INFO - num_init_layer:3
2025-09-24 19:44:08,282 - INFO - num_layer:5
2025-09-24 19:44:08,282 - INFO - num_head:8
2025-09-24 19:44:08,282 - INFO - early_stop:0
2025-09-24 19:44:08,282 - INFO - batch_num:30
2025-09-24 19:44:08,282 - INFO - train_graph_ratio:0.4
2025-09-24 19:44:08,282 - INFO - model_dropout:0.05
2025-09-24 19:44:08,282 - INFO - smoothing:0.0
2025-09-24 19:44:08,282 - INFO - no_write:False
2025-09-24 19:44:08,282 - INFO - msg_add_tr:True
2025-09-24 19:44:08,282 - INFO - Args Listed!
2025-09-24 19:44:08,282 - INFO - Loading Dataset...
2025-09-24 19:44:08,317 - INFO - Dataset Loaded Successfully!
2025-09-24 19:44:08,318 - INFO - Generating Dictionaries for Filtering...
2025-09-24 19:44:08,448 - INFO - Successfully Generated Filtering Dictionary!
2025-09-24 19:44:08,448 - INFO - Model Input Construction...
2025-09-24 19:44:09,191 - INFO - Successfully Saved Model Inputs!
2025-09-24 19:44:09,192 - INFO - Evaluation Query Generation...
2025-09-24 19:44:09,236 - INFO - Evaluation Query Generated Successfully!
2025-09-24 19:44:09,236 - INFO - Loading Dataset...
2025-09-24 19:44:09,264 - INFO - Dataset Loaded Successfully!
2025-09-24 19:44:09,264 - INFO - Generating Dictionaries for Filtering...
2025-09-24 19:44:09,301 - INFO - Successfully Generated Filtering Dictionary!
2025-09-24 19:44:09,301 - INFO - Model Input Construction...
2025-09-24 19:44:09,745 - INFO - Successfully Saved Model Inputs!
2025-09-24 19:44:09,746 - INFO - Evaluation Query Generation...
2025-09-24 19:44:09,800 - INFO - Evaluation Query Generated Successfully!
2025-09-24 19:44:16,032 - INFO - Epoch 1 GPU:1161090048 Loss:20.300315
2025-09-24 19:44:20,981 - INFO - Epoch 2 GPU:1161090048 Loss:8.111375
2025-09-24 19:44:25,915 - INFO - Epoch 3 GPU:1184481280 Loss:7.402691
2025-09-24 19:44:30,856 - INFO - Epoch 4 GPU:1184481280 Loss:7.187976
2025-09-24 19:44:35,762 - INFO - Epoch 5 GPU:1184481280 Loss:7.494145
2025-09-24 19:44:40,545 - INFO - Epoch 6 GPU:1184481280 Loss:6.777816
2025-09-24 19:44:45,316 - INFO - Epoch 7 GPU:1184481280 Loss:6.648256
2025-09-24 19:44:50,079 - INFO - Epoch 8 GPU:1184481280 Loss:6.476671
2025-09-24 19:44:54,913 - INFO - Epoch 9 GPU:1184481280 Loss:6.328360
2025-09-24 19:44:59,580 - INFO - Epoch 10 GPU:1184481280 Loss:6.251265
2025-09-24 19:45:04,362 - INFO - Epoch 11 GPU:1184481280 Loss:6.176643
2025-09-24 19:45:09,144 - INFO - Epoch 12 GPU:1184481280 Loss:6.129222
2025-09-24 19:45:14,011 - INFO - Epoch 13 GPU:1184481280 Loss:6.126311
2025-09-24 19:45:18,829 - INFO - Epoch 14 GPU:1184481280 Loss:5.996336
2025-09-24 19:45:23,545 - INFO - Epoch 15 GPU:1184481280 Loss:6.062647
2025-09-24 19:45:28,314 - INFO - Epoch 16 GPU:1184481280 Loss:5.871488
2025-09-24 19:45:33,054 - INFO - Epoch 17 GPU:1184481280 Loss:6.002013
2025-09-24 19:45:37,795 - INFO - Epoch 18 GPU:1184481280 Loss:5.831208
2025-09-24 19:45:42,578 - INFO - Epoch 19 GPU:1184481280 Loss:5.807856
2025-09-24 19:45:47,346 - INFO - Epoch 20 GPU:1184481280 Loss:5.598920
2025-09-24 19:45:52,111 - INFO - Epoch 21 GPU:1184481280 Loss:5.506498
2025-09-24 19:45:56,910 - INFO - Epoch 22 GPU:1184481280 Loss:5.539128
2025-09-24 19:46:01,676 - INFO - Epoch 23 GPU:1184481280 Loss:5.570830
2025-09-24 19:46:06,473 - INFO - Epoch 24 GPU:1184481280 Loss:5.474486
2025-09-24 19:46:11,526 - INFO - Epoch 25 GPU:1184481280 Loss:5.322510
2025-09-24 19:46:16,827 - INFO - Epoch 26 GPU:1184481280 Loss:5.461740
2025-09-24 19:46:22,026 - INFO - Epoch 27 GPU:1184481280 Loss:5.450994
2025-09-24 19:46:27,061 - INFO - Epoch 28 GPU:1184481280 Loss:5.179665
2025-09-24 19:46:31,810 - INFO - Epoch 29 GPU:1184481280 Loss:5.449066
2025-09-24 19:46:36,533 - INFO - Epoch 30 GPU:1184481280 Loss:5.144857
2025-09-24 19:46:41,261 - INFO - Epoch 31 GPU:1184481280 Loss:5.147669
2025-09-24 19:46:45,992 - INFO - Epoch 32 GPU:1184481280 Loss:5.016767
2025-09-24 19:46:50,787 - INFO - Epoch 33 GPU:1184481280 Loss:4.982644
2025-09-24 19:46:55,617 - INFO - Epoch 34 GPU:1184481280 Loss:4.961946
2025-09-24 19:47:00,410 - INFO - Epoch 35 GPU:1184481280 Loss:4.954255
2025-09-24 19:47:05,175 - INFO - Epoch 36 GPU:1184481280 Loss:4.732601
2025-09-24 19:47:09,943 - INFO - Epoch 37 GPU:1184481280 Loss:4.705757
2025-09-24 19:47:14,706 - INFO - Epoch 38 GPU:1184481280 Loss:4.664364
2025-09-24 19:47:19,514 - INFO - Epoch 39 GPU:1184481280 Loss:4.578492
2025-09-24 19:47:24,192 - INFO - Epoch 40 GPU:1184481280 Loss:4.601472
2025-09-24 19:47:28,941 - INFO - Epoch 41 GPU:1184481280 Loss:4.593287
2025-09-24 19:47:33,630 - INFO - Epoch 42 GPU:1184481280 Loss:4.501362
2025-09-24 19:47:38,342 - INFO - Epoch 43 GPU:1184481280 Loss:4.323063
2025-09-24 19:47:43,059 - INFO - Epoch 44 GPU:1184481280 Loss:4.450203
2025-09-24 19:47:47,767 - INFO - Epoch 45 GPU:1184481280 Loss:4.349744
2025-09-24 19:47:52,442 - INFO - Epoch 46 GPU:1184481280 Loss:4.192427
2025-09-24 19:47:57,224 - INFO - Epoch 47 GPU:1184481280 Loss:4.267664
2025-09-24 19:48:01,958 - INFO - Epoch 48 GPU:1184481280 Loss:4.286041
2025-09-24 19:48:06,693 - INFO - Epoch 49 GPU:1185848832 Loss:4.184230
2025-09-24 19:48:11,490 - INFO - Epoch 50 GPU:1185848832 Loss:4.255902
2025-09-24 19:48:16,208 - INFO - Epoch 51 GPU:1185848832 Loss:4.147434
2025-09-24 19:48:20,941 - INFO - Epoch 52 GPU:1185848832 Loss:3.955951
2025-09-24 19:48:25,674 - INFO - Epoch 53 GPU:1185848832 Loss:3.883304
2025-09-24 19:48:30,574 - INFO - Epoch 54 GPU:1185848832 Loss:4.020051
2025-09-24 19:48:35,423 - INFO - Epoch 55 GPU:1185848832 Loss:3.878198
2025-09-24 19:48:40,241 - INFO - Epoch 56 GPU:1196968960 Loss:3.950707
2025-09-24 19:48:45,109 - INFO - Epoch 57 GPU:1196968960 Loss:3.968671
2025-09-24 19:48:49,889 - INFO - Epoch 58 GPU:1196968960 Loss:3.894156
2025-09-24 19:48:54,674 - INFO - Epoch 59 GPU:1196968960 Loss:3.817845
2025-09-24 19:48:59,374 - INFO - Epoch 60 GPU:1196968960 Loss:3.809855
2025-09-24 19:49:04,174 - INFO - Epoch 61 GPU:1196968960 Loss:3.579355
2025-09-24 19:49:08,975 - INFO - Epoch 62 GPU:1196968960 Loss:3.542093
2025-09-24 19:49:13,725 - INFO - Epoch 63 GPU:1196968960 Loss:3.660655
2025-09-24 19:49:18,495 - INFO - Epoch 64 GPU:1196968960 Loss:3.459499
2025-09-24 19:49:23,422 - INFO - Epoch 65 GPU:1196968960 Loss:3.727669
2025-09-24 19:49:28,239 - INFO - Epoch 66 GPU:1196968960 Loss:3.608765
2025-09-24 19:49:33,483 - INFO - Epoch 67 GPU:1196968960 Loss:3.471379
2025-09-24 19:49:38,314 - INFO - Epoch 68 GPU:1196968960 Loss:3.338941
2025-09-24 19:49:43,047 - INFO - Epoch 69 GPU:1196968960 Loss:3.398564
2025-09-24 19:49:47,762 - INFO - Epoch 70 GPU:1196968960 Loss:3.551486
2025-09-24 19:49:52,450 - INFO - Epoch 71 GPU:1196968960 Loss:3.309007
2025-09-24 19:49:57,171 - INFO - Epoch 72 GPU:1196968960 Loss:3.293212
2025-09-24 19:50:01,892 - INFO - Epoch 73 GPU:1196968960 Loss:3.292451
2025-09-24 19:50:06,680 - INFO - Epoch 74 GPU:1196968960 Loss:3.256309
2025-09-24 19:50:11,359 - INFO - Epoch 75 GPU:1196968960 Loss:3.354451
2025-09-24 19:50:16,234 - INFO - Epoch 76 GPU:1196968960 Loss:3.195427
2025-09-24 19:50:21,296 - INFO - Epoch 77 GPU:1196968960 Loss:3.099017
2025-09-24 19:50:26,081 - INFO - Epoch 78 GPU:1196968960 Loss:3.103733
2025-09-24 19:50:30,763 - INFO - Epoch 79 GPU:1196968960 Loss:2.954918
2025-09-24 19:50:35,417 - INFO - Epoch 80 GPU:1196968960 Loss:3.085186
2025-09-24 19:50:40,065 - INFO - Epoch 81 GPU:1196968960 Loss:3.015782
2025-09-24 19:50:44,678 - INFO - Epoch 82 GPU:1196968960 Loss:2.848315
2025-09-24 19:50:49,333 - INFO - Epoch 83 GPU:1196968960 Loss:2.943888
2025-09-24 19:50:53,997 - INFO - Epoch 84 GPU:1196968960 Loss:2.797672
2025-09-24 19:50:58,738 - INFO - Epoch 85 GPU:1196968960 Loss:3.046648
2025-09-24 19:51:03,476 - INFO - Epoch 86 GPU:1196968960 Loss:2.861144
2025-09-24 19:51:08,246 - INFO - Epoch 87 GPU:1196968960 Loss:3.058584
2025-09-24 19:51:12,957 - INFO - Epoch 88 GPU:1196968960 Loss:2.874546
2025-09-24 19:51:17,576 - INFO - Epoch 89 GPU:1196968960 Loss:3.006032
2025-09-24 19:51:22,262 - INFO - Epoch 90 GPU:1196968960 Loss:2.915694
2025-09-24 19:51:26,928 - INFO - Epoch 91 GPU:1196968960 Loss:2.778021
2025-09-24 19:51:31,607 - INFO - Epoch 92 GPU:1196968960 Loss:2.700827
2025-09-24 19:51:36,288 - INFO - Epoch 93 GPU:1196968960 Loss:2.772655
2025-09-24 19:51:40,972 - INFO - Epoch 94 GPU:1196968960 Loss:2.737687
2025-09-24 19:51:45,603 - INFO - Epoch 95 GPU:1196968960 Loss:2.850144
2025-09-24 19:51:50,286 - INFO - Epoch 96 GPU:1196968960 Loss:2.851091
2025-09-24 19:51:55,088 - INFO - Epoch 97 GPU:1196968960 Loss:2.717413
2025-09-24 19:51:59,895 - INFO - Epoch 98 GPU:1196968960 Loss:2.661633
2025-09-24 19:52:04,535 - INFO - Epoch 99 GPU:1196968960 Loss:2.641818
2025-09-24 19:52:09,223 - INFO - Epoch 100 GPU:1196968960 Loss:2.709548
2025-09-24 19:52:14,425 - INFO - Epoch 101 GPU:1196968960 Loss:2.659954
2025-09-24 19:52:19,853 - INFO - Epoch 102 GPU:1196968960 Loss:2.683718
2025-09-24 19:52:25,008 - INFO - Epoch 103 GPU:1196968960 Loss:2.627968
2025-09-24 19:52:30,206 - INFO - Epoch 104 GPU:1196968960 Loss:2.773797
2025-09-24 19:52:35,209 - INFO - Epoch 105 GPU:1196968960 Loss:2.595949
2025-09-24 19:52:39,978 - INFO - Epoch 106 GPU:1196968960 Loss:2.543415
2025-09-24 19:52:44,620 - INFO - Epoch 107 GPU:1196968960 Loss:2.528754
2025-09-24 19:52:49,286 - INFO - Epoch 108 GPU:1196968960 Loss:2.520220
2025-09-24 19:52:54,019 - INFO - Epoch 109 GPU:1196968960 Loss:2.510540
2025-09-24 19:52:58,799 - INFO - Epoch 110 GPU:1196968960 Loss:2.500980
2025-09-24 19:53:03,541 - INFO - Epoch 111 GPU:1196968960 Loss:2.474319
2025-09-24 19:53:08,283 - INFO - Epoch 112 GPU:1196968960 Loss:2.475741
2025-09-24 19:53:13,219 - INFO - Epoch 113 GPU:1196968960 Loss:2.518292
2025-09-24 19:53:17,868 - INFO - Epoch 114 GPU:1196968960 Loss:2.363171
2025-09-24 19:53:22,604 - INFO - Epoch 115 GPU:1196968960 Loss:2.543114
2025-09-24 19:53:27,272 - INFO - Epoch 116 GPU:1196968960 Loss:2.469095
2025-09-24 19:53:31,925 - INFO - Epoch 117 GPU:1196968960 Loss:2.569497
2025-09-24 19:53:36,602 - INFO - Epoch 118 GPU:1196968960 Loss:2.386858
2025-09-24 19:53:41,237 - INFO - Epoch 119 GPU:1196968960 Loss:2.381223
2025-09-24 19:53:45,924 - INFO - Epoch 120 GPU:1196968960 Loss:2.231055
2025-09-24 19:53:50,577 - INFO - Epoch 121 GPU:1196968960 Loss:2.282264
2025-09-24 19:53:55,251 - INFO - Epoch 122 GPU:1196968960 Loss:2.355364
2025-09-24 19:53:59,890 - INFO - Epoch 123 GPU:1196968960 Loss:2.273831
2025-09-24 19:54:04,551 - INFO - Epoch 124 GPU:1196968960 Loss:2.418754
2025-09-24 19:54:09,151 - INFO - Epoch 125 GPU:1196968960 Loss:2.185387
2025-09-24 19:54:13,864 - INFO - Epoch 126 GPU:1196968960 Loss:2.156977
2025-09-24 19:54:18,558 - INFO - Epoch 127 GPU:1196968960 Loss:2.378078
2025-09-24 19:54:23,353 - INFO - Epoch 128 GPU:1196968960 Loss:2.197397
2025-09-24 19:54:28,061 - INFO - Epoch 129 GPU:1196968960 Loss:2.167266
2025-09-24 19:54:32,794 - INFO - Epoch 130 GPU:1196968960 Loss:2.205684
2025-09-24 19:54:37,455 - INFO - Epoch 131 GPU:1196968960 Loss:2.204816
2025-09-24 19:54:42,181 - INFO - Epoch 132 GPU:1196968960 Loss:2.204778
2025-09-24 19:54:47,020 - INFO - Epoch 133 GPU:1196968960 Loss:2.139364
2025-09-24 19:54:51,696 - INFO - Epoch 134 GPU:1196968960 Loss:2.181669
2025-09-24 19:54:56,496 - INFO - Epoch 135 GPU:1196968960 Loss:1.978479
2025-09-24 19:55:01,238 - INFO - Epoch 136 GPU:1196968960 Loss:2.015104
2025-09-24 19:55:05,963 - INFO - Epoch 137 GPU:1196968960 Loss:1.940106
2025-09-24 19:55:10,721 - INFO - Epoch 138 GPU:1196968960 Loss:2.084298
2025-09-24 19:55:15,474 - INFO - Epoch 139 GPU:1196968960 Loss:2.160460
2025-09-24 19:55:20,203 - INFO - Epoch 140 GPU:1196968960 Loss:2.079207
2025-09-24 19:55:24,896 - INFO - Epoch 141 GPU:1196968960 Loss:2.146799
2025-09-24 19:55:29,637 - INFO - Epoch 142 GPU:1196968960 Loss:2.091971
2025-09-24 19:55:34,362 - INFO - Epoch 143 GPU:1196968960 Loss:2.210262
2025-09-24 19:55:39,105 - INFO - Epoch 144 GPU:1196968960 Loss:2.006155
2025-09-24 19:55:43,785 - INFO - Epoch 145 GPU:1196968960 Loss:1.975415
2025-09-24 19:55:48,461 - INFO - Epoch 146 GPU:1196968960 Loss:2.045695
2025-09-24 19:55:53,287 - INFO - Epoch 147 GPU:1196968960 Loss:2.184907
2025-09-24 19:55:57,950 - INFO - Epoch 148 GPU:1196968960 Loss:2.008690
2025-09-24 19:56:02,619 - INFO - Epoch 149 GPU:1196968960 Loss:1.954710
2025-09-24 19:56:07,351 - INFO - Epoch 150 GPU:1196968960 Loss:2.023825
2025-09-24 19:56:12,099 - INFO - Epoch 151 GPU:1196968960 Loss:2.082686
2025-09-24 19:56:16,797 - INFO - Epoch 152 GPU:1196968960 Loss:2.053630
2025-09-24 19:56:21,524 - INFO - Epoch 153 GPU:1196968960 Loss:1.891799
2025-09-24 19:56:26,214 - INFO - Epoch 154 GPU:1196968960 Loss:2.127187
2025-09-24 19:56:31,078 - INFO - Epoch 155 GPU:1196968960 Loss:1.995707
2025-09-24 19:56:35,890 - INFO - Epoch 156 GPU:1196968960 Loss:1.942549
2025-09-24 19:56:40,552 - INFO - Epoch 157 GPU:1196968960 Loss:1.998087
2025-09-24 19:56:45,269 - INFO - Epoch 158 GPU:1196968960 Loss:1.928546
2025-09-24 19:56:49,896 - INFO - Epoch 159 GPU:1196968960 Loss:2.093965
2025-09-24 19:56:54,629 - INFO - Epoch 160 GPU:1196968960 Loss:1.997878
2025-09-24 19:56:59,329 - INFO - Epoch 161 GPU:1196968960 Loss:1.962126
2025-09-24 19:57:04,011 - INFO - Epoch 162 GPU:1196968960 Loss:2.049617
2025-09-24 19:57:08,740 - INFO - Epoch 163 GPU:1196968960 Loss:1.999202
2025-09-24 19:57:13,570 - INFO - Epoch 164 GPU:1196968960 Loss:1.974572
2025-09-24 19:57:18,215 - INFO - Epoch 165 GPU:1196968960 Loss:1.942649
2025-09-24 19:57:22,962 - INFO - Epoch 166 GPU:1196968960 Loss:1.848520
2025-09-24 19:57:27,676 - INFO - Epoch 167 GPU:1196968960 Loss:1.831400
2025-09-24 19:57:32,380 - INFO - Epoch 168 GPU:1196968960 Loss:1.998929
2025-09-24 19:57:37,044 - INFO - Epoch 169 GPU:1196968960 Loss:1.786107
2025-09-24 19:57:41,737 - INFO - Epoch 170 GPU:1196968960 Loss:2.085795
2025-09-24 19:57:46,435 - INFO - Epoch 171 GPU:1196968960 Loss:1.979947
2025-09-24 19:57:51,101 - INFO - Epoch 172 GPU:1196968960 Loss:1.879443
2025-09-24 19:57:55,822 - INFO - Epoch 173 GPU:1196968960 Loss:1.930092
2025-09-24 19:58:00,605 - INFO - Epoch 174 GPU:1196968960 Loss:1.754824
2025-09-24 19:58:05,232 - INFO - Epoch 175 GPU:1196968960 Loss:1.803669
2025-09-24 19:58:10,172 - INFO - Epoch 176 GPU:1196968960 Loss:1.913387
2025-09-24 19:58:15,341 - INFO - Epoch 177 GPU:1196968960 Loss:1.746127
2025-09-24 19:58:20,726 - INFO - Epoch 178 GPU:1196968960 Loss:1.719383
2025-09-24 19:58:25,528 - INFO - Epoch 179 GPU:1196968960 Loss:1.801756
2025-09-24 19:58:30,796 - INFO - Epoch 180 GPU:1196968960 Loss:2.010024
2025-09-24 19:58:35,769 - INFO - Epoch 181 GPU:1196968960 Loss:1.816401
2025-09-24 19:58:40,781 - INFO - Epoch 182 GPU:1196968960 Loss:1.875922
2025-09-24 19:58:46,041 - INFO - Epoch 183 GPU:1196968960 Loss:1.906915
2025-09-24 19:58:51,614 - INFO - Epoch 184 GPU:1196968960 Loss:1.662915
2025-09-24 19:58:56,466 - INFO - Epoch 185 GPU:1196968960 Loss:1.959623
2025-09-24 19:59:01,081 - INFO - Epoch 186 GPU:1196968960 Loss:1.833425
2025-09-24 19:59:05,772 - INFO - Epoch 187 GPU:1196968960 Loss:1.707193
2025-09-24 19:59:10,444 - INFO - Epoch 188 GPU:1196968960 Loss:1.707843
2025-09-24 19:59:15,113 - INFO - Epoch 189 GPU:1196968960 Loss:1.869347
2025-09-24 19:59:19,894 - INFO - Epoch 190 GPU:1196968960 Loss:1.662207
2025-09-24 19:59:24,626 - INFO - Epoch 191 GPU:1196968960 Loss:1.630097
2025-09-24 19:59:29,334 - INFO - Epoch 192 GPU:1196968960 Loss:1.651044
2025-09-24 19:59:33,924 - INFO - Epoch 193 GPU:1196968960 Loss:1.523067
2025-09-24 19:59:38,598 - INFO - Epoch 194 GPU:1196968960 Loss:1.727042
2025-09-24 19:59:43,190 - INFO - Epoch 195 GPU:1196968960 Loss:1.745157
2025-09-24 19:59:47,774 - INFO - Epoch 196 GPU:1196968960 Loss:1.738008
2025-09-24 19:59:52,356 - INFO - Epoch 197 GPU:1196968960 Loss:1.647552
2025-09-24 19:59:56,971 - INFO - Epoch 198 GPU:1196968960 Loss:1.742711
2025-09-24 20:00:01,680 - INFO - Epoch 199 GPU:1196968960 Loss:1.721311
2025-09-24 20:00:06,477 - INFO - Epoch 200 GPU:1196968960 Loss:1.658442
2025-09-24 20:00:11,180 - INFO - Epoch 201 GPU:1196968960 Loss:1.857531
2025-09-24 20:00:15,965 - INFO - Epoch 202 GPU:1196968960 Loss:1.730840
2025-09-24 20:00:20,708 - INFO - Epoch 203 GPU:1196968960 Loss:1.637540
2025-09-24 20:00:25,487 - INFO - Epoch 204 GPU:1196968960 Loss:1.752565
2025-09-24 20:00:30,296 - INFO - Epoch 205 GPU:1196968960 Loss:1.758374
2025-09-24 20:00:34,983 - INFO - Epoch 206 GPU:1196968960 Loss:1.466672
2025-09-24 20:00:39,726 - INFO - Epoch 207 GPU:1196968960 Loss:1.586143
2025-09-24 20:00:44,339 - INFO - Epoch 208 GPU:1196968960 Loss:1.591526
2025-09-24 20:00:49,068 - INFO - Epoch 209 GPU:1196968960 Loss:1.723653
2025-09-24 20:00:53,784 - INFO - Epoch 210 GPU:1196968960 Loss:1.710307
2025-09-24 20:00:55,544 - INFO - Link Prediction (Head, 539)
MR:274.01669758812614
MRR:0.21178406503178815
Hit1:0.11317254174397032
Hit3:0.23376623376623376
Hit10:0.43413729128014844
2025-09-24 20:00:55,544 - INFO - Link Prediction (Tail, 539)
MR:140.9517625231911
MRR:0.2196822811921999
Hit1:0.1150278293135436
Hit3:0.26159554730983303
Hit10:0.43042671614100186
2025-09-24 20:00:55,544 - INFO - Link Prediction (Qual, 685)
MR:101.2978102189781
MRR:0.4669649786062085
Hit1:0.3386861313868613
Hit3:0.5503649635036496
Hit10:0.6525547445255474
2025-09-24 20:00:55,544 - INFO - Link Prediction (Pri, 1078)
MR:207.48423005565863
MRR:0.21573317311199405
Hit1:0.11410018552875696
Hit3:0.24768089053803338
Hit10:0.4322820037105751
2025-09-24 20:00:55,544 - INFO - Link Prediction (All, 1763)
MR:166.22631877481567
MRR:0.31334734597843583
Hit1:0.2013613159387408
Hit3:0.36528644356211004
Hit10:0.5178672716959728
2025-09-24 20:00:55,756 - INFO - END
