2025-09-24 12:39:12,275 - INFO - 12144
2025-09-24 12:39:12,275 - INFO - dataset_name:NL-100
2025-09-24 12:39:12,275 - INFO - data_dir:../data/
2025-09-24 12:39:12,275 - INFO - exp:ICML2025_reproduce
2025-09-24 12:39:12,275 - INFO - setting:Inductive
2025-09-24 12:39:12,275 - INFO - log_name:NL-100
2025-09-24 12:39:12,275 - INFO - lr:0.0002
2025-09-24 12:39:12,275 - INFO - dim:32
2025-09-24 12:39:12,275 - INFO - start_epoch:0
2025-09-24 12:39:12,275 - INFO - num_epoch:160
2025-09-24 12:39:12,280 - INFO - val_dur:160
2025-09-24 12:39:12,280 - INFO - val_size:100
2025-09-24 12:39:12,280 - INFO - num_init_layer:4
2025-09-24 12:39:12,280 - INFO - num_layer:4
2025-09-24 12:39:12,280 - INFO - num_head:4
2025-09-24 12:39:12,280 - INFO - early_stop:0
2025-09-24 12:39:12,280 - INFO - batch_num:30
2025-09-24 12:39:12,280 - INFO - train_graph_ratio:0.35
2025-09-24 12:39:12,280 - INFO - model_dropout:0.05
2025-09-24 12:39:12,280 - INFO - smoothing:0.0
2025-09-24 12:39:12,280 - INFO - no_write:False
2025-09-24 12:39:12,280 - INFO - msg_add_tr:False
2025-09-24 12:39:12,283 - INFO - Args Listed!
2025-09-24 12:39:12,283 - INFO - Loading Dataset...
2025-09-24 12:39:12,298 - INFO - Dataset Loaded Successfully!
2025-09-24 12:39:12,298 - INFO - Generating Dictionaries for Filtering...
2025-09-24 12:39:12,319 - INFO - Successfully Generated Filtering Dictionary!
2025-09-24 12:39:12,319 - INFO - Model Input Construction...
2025-09-24 12:39:12,636 - INFO - Successfully Saved Model Inputs!
2025-09-24 12:39:12,636 - INFO - Evaluation Query Generation...
2025-09-24 12:39:12,664 - INFO - Evaluation Query Generated Successfully!
2025-09-24 12:39:17,011 - INFO - Epoch 1 GPU:91659776 Loss:8.740082
2025-09-24 12:39:20,544 - INFO - Epoch 2 GPU:92785664 Loss:6.025808
2025-09-24 12:39:24,144 - INFO - Epoch 3 GPU:92785664 Loss:5.687063
2025-09-24 12:39:27,644 - INFO - Epoch 4 GPU:93661696 Loss:5.621456
2025-09-24 12:39:31,137 - INFO - Epoch 5 GPU:93661696 Loss:5.420988
2025-09-24 12:39:34,602 - INFO - Epoch 6 GPU:93661696 Loss:5.468341
2025-09-24 12:39:38,469 - INFO - Epoch 7 GPU:93661696 Loss:5.431235
2025-09-24 12:39:42,212 - INFO - Epoch 8 GPU:93661696 Loss:5.327577
2025-09-24 12:39:45,953 - INFO - Epoch 9 GPU:93661696 Loss:5.347823
2025-09-24 12:39:49,679 - INFO - Epoch 10 GPU:93661696 Loss:5.287695
2025-09-24 12:39:53,539 - INFO - Epoch 11 GPU:93661696 Loss:5.296297
2025-09-24 12:39:57,347 - INFO - Epoch 12 GPU:93661696 Loss:5.205725
2025-09-24 12:40:01,229 - INFO - Epoch 13 GPU:93661696 Loss:5.269575
2025-09-24 12:40:05,079 - INFO - Epoch 14 GPU:93661696 Loss:5.181385
2025-09-24 12:40:08,982 - INFO - Epoch 15 GPU:93661696 Loss:5.218293
2025-09-24 12:40:12,829 - INFO - Epoch 16 GPU:93661696 Loss:5.228858
2025-09-24 12:40:16,627 - INFO - Epoch 17 GPU:93661696 Loss:5.177211
2025-09-24 12:40:20,542 - INFO - Epoch 18 GPU:93661696 Loss:5.106505
2025-09-24 12:40:24,642 - INFO - Epoch 19 GPU:93661696 Loss:5.160761
2025-09-24 12:40:28,535 - INFO - Epoch 20 GPU:93661696 Loss:5.170049
2025-09-24 12:40:32,366 - INFO - Epoch 21 GPU:93661696 Loss:5.026524
2025-09-24 12:40:36,051 - INFO - Epoch 22 GPU:93661696 Loss:5.096460
2025-09-24 12:40:39,648 - INFO - Epoch 23 GPU:93661696 Loss:5.081055
2025-09-24 12:40:43,243 - INFO - Epoch 24 GPU:93661696 Loss:5.059768
2025-09-24 12:40:46,835 - INFO - Epoch 25 GPU:93661696 Loss:5.030961
2025-09-24 12:40:50,475 - INFO - Epoch 26 GPU:93661696 Loss:5.002619
2025-09-24 12:40:54,041 - INFO - Epoch 27 GPU:93661696 Loss:5.021500
2025-09-24 12:40:57,624 - INFO - Epoch 28 GPU:93661696 Loss:4.998764
2025-09-24 12:41:01,192 - INFO - Epoch 29 GPU:93661696 Loss:4.960496
2025-09-24 12:41:05,154 - INFO - Epoch 30 GPU:93661696 Loss:4.945354
2025-09-24 12:41:08,885 - INFO - Epoch 31 GPU:93661696 Loss:5.007979
2025-09-24 12:41:12,611 - INFO - Epoch 32 GPU:93661696 Loss:4.935886
2025-09-24 12:41:16,335 - INFO - Epoch 33 GPU:93661696 Loss:4.971288
2025-09-24 12:41:20,051 - INFO - Epoch 34 GPU:93661696 Loss:4.905615
2025-09-24 12:41:23,882 - INFO - Epoch 35 GPU:93661696 Loss:4.864032
2025-09-24 12:41:27,524 - INFO - Epoch 36 GPU:93661696 Loss:4.858692
2025-09-24 12:41:31,440 - INFO - Epoch 37 GPU:93661696 Loss:4.866697
2025-09-24 12:41:35,056 - INFO - Epoch 38 GPU:94008320 Loss:4.872320
2025-09-24 12:41:38,776 - INFO - Epoch 39 GPU:94008320 Loss:4.906057
2025-09-24 12:41:42,442 - INFO - Epoch 40 GPU:94008320 Loss:4.896533
2025-09-24 12:41:46,170 - INFO - Epoch 41 GPU:94008320 Loss:4.877652
2025-09-24 12:41:49,974 - INFO - Epoch 42 GPU:94008320 Loss:4.891786
2025-09-24 12:41:53,590 - INFO - Epoch 43 GPU:94008320 Loss:4.881010
2025-09-24 12:41:57,108 - INFO - Epoch 44 GPU:94008320 Loss:4.810555
2025-09-24 12:42:00,705 - INFO - Epoch 45 GPU:94008320 Loss:4.822443
2025-09-24 12:42:04,479 - INFO - Epoch 46 GPU:94008320 Loss:4.799702
2025-09-24 12:42:08,360 - INFO - Epoch 47 GPU:94008320 Loss:4.814414
2025-09-24 12:42:12,073 - INFO - Epoch 48 GPU:94008320 Loss:4.869460
2025-09-24 12:42:15,662 - INFO - Epoch 49 GPU:94008320 Loss:4.749912
2025-09-24 12:42:19,351 - INFO - Epoch 50 GPU:94008320 Loss:4.820590
2025-09-24 12:42:23,190 - INFO - Epoch 51 GPU:94008320 Loss:4.740745
2025-09-24 12:42:26,817 - INFO - Epoch 52 GPU:94008320 Loss:4.771432
2025-09-24 12:42:30,542 - INFO - Epoch 53 GPU:94008320 Loss:4.763591
2025-09-24 12:42:34,309 - INFO - Epoch 54 GPU:94008320 Loss:4.788398
2025-09-24 12:42:38,192 - INFO - Epoch 55 GPU:94008320 Loss:4.711697
2025-09-24 12:42:42,011 - INFO - Epoch 56 GPU:94008320 Loss:4.748513
2025-09-24 12:42:45,656 - INFO - Epoch 57 GPU:94008320 Loss:4.721310
2025-09-24 12:42:49,446 - INFO - Epoch 58 GPU:94008320 Loss:4.701095
2025-09-24 12:42:53,368 - INFO - Epoch 59 GPU:94008320 Loss:4.733179
2025-09-24 12:42:57,176 - INFO - Epoch 60 GPU:94008320 Loss:4.730919
2025-09-24 12:43:01,038 - INFO - Epoch 61 GPU:94008320 Loss:4.716676
2025-09-24 12:43:04,772 - INFO - Epoch 62 GPU:94008320 Loss:4.756971
2025-09-24 12:43:08,388 - INFO - Epoch 63 GPU:94008320 Loss:4.706002
2025-09-24 12:43:12,139 - INFO - Epoch 64 GPU:94008320 Loss:4.703510
2025-09-24 12:43:15,822 - INFO - Epoch 65 GPU:94008320 Loss:4.683294
2025-09-24 12:43:19,443 - INFO - Epoch 66 GPU:94008320 Loss:4.676131
2025-09-24 12:43:23,054 - INFO - Epoch 67 GPU:94008320 Loss:4.734439
2025-09-24 12:43:26,700 - INFO - Epoch 68 GPU:94008320 Loss:4.649071
2025-09-24 12:43:30,277 - INFO - Epoch 69 GPU:94008320 Loss:4.647934
2025-09-24 12:43:33,838 - INFO - Epoch 70 GPU:94008320 Loss:4.703396
2025-09-24 12:43:37,541 - INFO - Epoch 71 GPU:94008320 Loss:4.686940
2025-09-24 12:43:41,287 - INFO - Epoch 72 GPU:94008320 Loss:4.645699
2025-09-24 12:43:44,944 - INFO - Epoch 73 GPU:94008320 Loss:4.602787
2025-09-24 12:43:48,526 - INFO - Epoch 74 GPU:94008320 Loss:4.655859
2025-09-24 12:43:52,208 - INFO - Epoch 75 GPU:94008320 Loss:4.628982
2025-09-24 12:43:55,822 - INFO - Epoch 76 GPU:94008320 Loss:4.670630
2025-09-24 12:43:59,425 - INFO - Epoch 77 GPU:94008320 Loss:4.586684
2025-09-24 12:44:03,114 - INFO - Epoch 78 GPU:94008320 Loss:4.609082
2025-09-24 12:44:06,828 - INFO - Epoch 79 GPU:94008320 Loss:4.585044
2025-09-24 12:44:10,688 - INFO - Epoch 80 GPU:94008320 Loss:4.616367
2025-09-24 12:44:14,654 - INFO - Epoch 81 GPU:94008320 Loss:4.594857
2025-09-24 12:44:18,632 - INFO - Epoch 82 GPU:94008320 Loss:4.608669
2025-09-24 12:44:22,746 - INFO - Epoch 83 GPU:94008320 Loss:4.558622
2025-09-24 12:44:27,023 - INFO - Epoch 84 GPU:94008320 Loss:4.620158
2025-09-24 12:44:30,966 - INFO - Epoch 85 GPU:94008320 Loss:4.618484
2025-09-24 12:44:34,686 - INFO - Epoch 86 GPU:94008320 Loss:4.565334
2025-09-24 12:44:38,404 - INFO - Epoch 87 GPU:94008320 Loss:4.517117
2025-09-24 12:44:42,128 - INFO - Epoch 88 GPU:94008320 Loss:4.568231
2025-09-24 12:44:45,787 - INFO - Epoch 89 GPU:94008320 Loss:4.630753
2025-09-24 12:44:49,470 - INFO - Epoch 90 GPU:94008320 Loss:4.606661
2025-09-24 12:44:53,038 - INFO - Epoch 91 GPU:94008320 Loss:4.578219
2025-09-24 12:44:56,638 - INFO - Epoch 92 GPU:94008320 Loss:4.584776
2025-09-24 12:45:00,203 - INFO - Epoch 93 GPU:94008320 Loss:4.534707
2025-09-24 12:45:03,837 - INFO - Epoch 94 GPU:94008320 Loss:4.551875
2025-09-24 12:45:07,468 - INFO - Epoch 95 GPU:94008320 Loss:4.600057
2025-09-24 12:45:11,087 - INFO - Epoch 96 GPU:94008320 Loss:4.602645
2025-09-24 12:45:14,738 - INFO - Epoch 97 GPU:94008320 Loss:4.573458
2025-09-24 12:45:18,303 - INFO - Epoch 98 GPU:94008320 Loss:4.531625
2025-09-24 12:45:21,936 - INFO - Epoch 99 GPU:94008320 Loss:4.544507
2025-09-24 12:45:25,569 - INFO - Epoch 100 GPU:94008320 Loss:4.531491
2025-09-24 12:45:29,336 - INFO - Epoch 101 GPU:94008320 Loss:4.595466
2025-09-24 12:45:32,908 - INFO - Epoch 102 GPU:94008320 Loss:4.603958
2025-09-24 12:45:36,502 - INFO - Epoch 103 GPU:94008320 Loss:4.561077
2025-09-24 12:45:40,153 - INFO - Epoch 104 GPU:94008320 Loss:4.469660
2025-09-24 12:45:43,752 - INFO - Epoch 105 GPU:94008320 Loss:4.510038
2025-09-24 12:45:47,286 - INFO - Epoch 106 GPU:94008320 Loss:4.613113
2025-09-24 12:45:50,796 - INFO - Epoch 107 GPU:94008320 Loss:4.522155
2025-09-24 12:45:54,568 - INFO - Epoch 108 GPU:94008320 Loss:4.587085
2025-09-24 12:45:58,139 - INFO - Epoch 109 GPU:94008320 Loss:4.537706
2025-09-24 12:46:01,965 - INFO - Epoch 110 GPU:94008320 Loss:4.497444
2025-09-24 12:46:05,775 - INFO - Epoch 111 GPU:94008320 Loss:4.548942
2025-09-24 12:46:09,751 - INFO - Epoch 112 GPU:94008320 Loss:4.506027
2025-09-24 12:46:13,768 - INFO - Epoch 113 GPU:94008320 Loss:4.539934
2025-09-24 12:46:17,577 - INFO - Epoch 114 GPU:94008320 Loss:4.485927
2025-09-24 12:46:21,338 - INFO - Epoch 115 GPU:94008320 Loss:4.531701
2025-09-24 12:46:25,114 - INFO - Epoch 116 GPU:94008320 Loss:4.548938
2025-09-24 12:46:28,869 - INFO - Epoch 117 GPU:94457344 Loss:4.478117
2025-09-24 12:46:32,516 - INFO - Epoch 118 GPU:94457344 Loss:4.530511
2025-09-24 12:46:35,871 - INFO - Epoch 119 GPU:94457344 Loss:4.533583
2025-09-24 12:46:39,550 - INFO - Epoch 120 GPU:94457344 Loss:4.493547
2025-09-24 12:46:43,078 - INFO - Epoch 121 GPU:94457344 Loss:4.548140
2025-09-24 12:46:46,576 - INFO - Epoch 122 GPU:94457344 Loss:4.547362
2025-09-24 12:46:49,982 - INFO - Epoch 123 GPU:94457344 Loss:4.532134
2025-09-24 12:46:53,489 - INFO - Epoch 124 GPU:94457344 Loss:4.500913
2025-09-24 12:46:57,204 - INFO - Epoch 125 GPU:94457344 Loss:4.520832
2025-09-24 12:47:00,845 - INFO - Epoch 126 GPU:94457344 Loss:4.474508
2025-09-24 12:47:04,385 - INFO - Epoch 127 GPU:94457344 Loss:4.490421
2025-09-24 12:47:07,930 - INFO - Epoch 128 GPU:94457344 Loss:4.529556
2025-09-24 12:47:11,531 - INFO - Epoch 129 GPU:94457344 Loss:4.502256
2025-09-24 12:47:15,339 - INFO - Epoch 130 GPU:94457344 Loss:4.525704
2025-09-24 12:47:18,940 - INFO - Epoch 131 GPU:94457344 Loss:4.504139
2025-09-24 12:47:22,641 - INFO - Epoch 132 GPU:94457344 Loss:4.512820
2025-09-24 12:47:26,314 - INFO - Epoch 133 GPU:94457344 Loss:4.488674
2025-09-24 12:47:29,920 - INFO - Epoch 134 GPU:94457344 Loss:4.503368
2025-09-24 12:47:33,428 - INFO - Epoch 135 GPU:94457344 Loss:4.501891
2025-09-24 12:47:37,202 - INFO - Epoch 136 GPU:94457344 Loss:4.527115
2025-09-24 12:47:40,898 - INFO - Epoch 137 GPU:94457344 Loss:4.477548
2025-09-24 12:47:44,590 - INFO - Epoch 138 GPU:94457344 Loss:4.479184
2025-09-24 12:47:48,210 - INFO - Epoch 139 GPU:94457344 Loss:4.482765
2025-09-24 12:47:51,801 - INFO - Epoch 140 GPU:94457344 Loss:4.474506
2025-09-24 12:47:55,388 - INFO - Epoch 141 GPU:94457344 Loss:4.523915
2025-09-24 12:47:59,105 - INFO - Epoch 142 GPU:94457344 Loss:4.468226
2025-09-24 12:48:02,863 - INFO - Epoch 143 GPU:94457344 Loss:4.491859
2025-09-24 12:48:06,415 - INFO - Epoch 144 GPU:94457344 Loss:4.515972
2025-09-24 12:48:10,197 - INFO - Epoch 145 GPU:94457344 Loss:4.437596
2025-09-24 12:48:13,905 - INFO - Epoch 146 GPU:94457344 Loss:4.475427
2025-09-24 12:48:17,684 - INFO - Epoch 147 GPU:94457344 Loss:4.505538
2025-09-24 12:48:21,254 - INFO - Epoch 148 GPU:94457344 Loss:4.485889
2025-09-24 12:48:25,004 - INFO - Epoch 149 GPU:94457344 Loss:4.477895
2025-09-24 12:48:28,596 - INFO - Epoch 150 GPU:94457344 Loss:4.458556
2025-09-24 12:48:32,055 - INFO - Epoch 151 GPU:94457344 Loss:4.457887
2025-09-24 12:48:35,670 - INFO - Epoch 152 GPU:94457344 Loss:4.489849
2025-09-24 12:48:39,358 - INFO - Epoch 153 GPU:94457344 Loss:4.437346
2025-09-24 12:48:43,098 - INFO - Epoch 154 GPU:94457344 Loss:4.498095
2025-09-24 12:48:46,997 - INFO - Epoch 155 GPU:94457344 Loss:4.430332
2025-09-24 12:48:50,702 - INFO - Epoch 156 GPU:94457344 Loss:4.487019
2025-09-24 12:48:54,376 - INFO - Epoch 157 GPU:94457344 Loss:4.528703
2025-09-24 12:48:58,080 - INFO - Epoch 158 GPU:94457344 Loss:4.528634
2025-09-24 12:49:01,850 - INFO - Epoch 159 GPU:94457344 Loss:4.424876
2025-09-24 12:49:05,577 - INFO - Epoch 160 GPU:94457344 Loss:4.473234
2025-09-24 12:49:06,204 - INFO - Link Prediction (Head, 793)
MR:163.4123581336696
MRR:0.27697363165466043
Hit1:0.21185372005044137
Hit3:0.296343001261034
Hit10:0.4136191677175284
2025-09-24 12:49:06,204 - INFO - Link Prediction (Tail, 793)
MR:84.51828499369483
MRR:0.5020504328304344
Hit1:0.4123581336696091
Hit3:0.5435056746532156
Hit10:0.6885245901639344
2025-09-24 12:49:06,204 - INFO - Link Prediction (Pri, 1586)
MR:123.96532156368222
MRR:0.3895120322425473
Hit1:0.3121059268600252
Hit3:0.41992433795712486
Hit10:0.5510718789407314
2025-09-24 12:49:06,282 - INFO - END
